<?xml version="1.0" encoding="utf-8"?>
<CoverageSession xmlns:xsd="http://www.w3.org/2001/XMLSchema" xmlns:xsi="http://www.w3.org/2001/XMLSchema-instance">
  <Summary numSequencePoints="2845" visitedSequencePoints="2067" numBranchPoints="426" visitedBranchPoints="186" sequenceCoverage="72.65" branchCoverage="43.66" maxCyclomaticComplexity="14" minCyclomaticComplexity="0" visitedClasses="19" numClasses="24" visitedMethods="87" numMethods="178" />
  <Modules>
    <Module skippedDueTo="Filter" hash="4E-80-84-20-AB-63-34-37-0D-E9-0E-62-AB-F7-0B-B1-E6-76-F5-D9">
      <ModulePath>C:\Windows\Microsoft.Net\assembly\GAC_32\mscorlib\v4.0_4.0.0.0__b77a5c561934e089\mscorlib.dll</ModulePath>
      <ModuleTime>2019-09-12T21:20:02Z</ModuleTime>
      <ModuleName>mscorlib</ModuleName>
      <Classes />
    </Module>
    <Module hash="1F-E2-BC-FB-3D-72-10-1A-7E-42-8F-14-43-8D-89-35-EB-D2-1D-89">
      <Summary numSequencePoints="2845" visitedSequencePoints="2067" numBranchPoints="426" visitedBranchPoints="186" sequenceCoverage="72.65" branchCoverage="43.66" maxCyclomaticComplexity="14" minCyclomaticComplexity="0" visitedClasses="19" numClasses="24" visitedMethods="87" numMethods="178" />
      <ModulePath>D:\Users\Iswenzz\source\repos\CoD4\CoD4x-Utility\bin\Release\CoD4x Utility.exe</ModulePath>
      <ModuleTime>2019-11-22T18:10:47.1462751Z</ModuleTime>
      <ModuleName>CoD4x Utility</ModuleName>
      <Files>
        <File uid="1" fullPath="D:\Users\Iswenzz\source\repos\CoD4\CoD4x-Utility\Properties\Resources.Designer.cs" />
        <File uid="2" fullPath="D:\Users\Iswenzz\source\repos\CoD4\CoD4x-Utility\Properties\Settings.Designer.cs" />
        <File uid="3" fullPath="D:\Users\Iswenzz\source\repos\CoD4\CoD4x-Utility\Graphics.cs" />
        <File uid="4" fullPath="D:\Users\Iswenzz\source\repos\CoD4\CoD4x-Utility\Graphics.designer.cs" />
        <File uid="5" fullPath="D:\Users\Iswenzz\source\repos\CoD4\CoD4x-Utility\Panel.cs" />
        <File uid="6" fullPath="D:\Users\Iswenzz\source\repos\CoD4\CoD4x-Utility\Panel.designer.cs" />
        <File uid="8" fullPath="D:\Users\Iswenzz\source\repos\CoD4\CoD4x-Utility\Player.cs" />
        <File uid="9" fullPath="D:\Users\Iswenzz\source\repos\CoD4\CoD4x-Utility\Player.designer.cs" />
        <File uid="10" fullPath="D:\Users\Iswenzz\source\repos\CoD4\CoD4x-Utility\PopUp.cs" />
        <File uid="11" fullPath="D:\Users\Iswenzz\source\repos\CoD4\CoD4x-Utility\PopUp.designer.cs" />
        <File uid="12" fullPath="D:\Users\Iswenzz\source\repos\CoD4\CoD4x-Utility\Program.cs" />
        <File uid="13" fullPath="D:\Users\Iswenzz\source\repos\CoD4\CoD4x-Utility\Utility\Extension.cs" />
        <File uid="14" fullPath="D:\Users\Iswenzz\source\repos\CoD4\CoD4x-Utility\Utility\MemoryAPI.cs" />
        <File uid="15" fullPath="D:\Users\Iswenzz\source\repos\CoD4\CoD4x-Utility\Viewmodel.cs" />
        <File uid="16" fullPath="D:\Users\Iswenzz\source\repos\CoD4\CoD4x-Utility\Viewmodel.designer.cs" />
        <File uid="17" fullPath="D:\Users\Iswenzz\source\repos\CoD4\CoD4x-Utility\Vision.cs" />
        <File uid="18" fullPath="D:\Users\Iswenzz\source\repos\CoD4\CoD4x-Utility\Vision.designer.cs" />
        <File uid="19" fullPath="D:\Users\Iswenzz\source\repos\CoD4\CoD4x-Utility\Wait.cs" />
        <File uid="20" fullPath="D:\Users\Iswenzz\source\repos\CoD4\CoD4x-Utility\Wait.designer.cs" />
        <File uid="21" fullPath="D:\Users\Iswenzz\source\repos\CoD4\CoD4x-Utility\Utility\Threads\CoD4.cs" />
        <File uid="22" fullPath="D:\Users\Iswenzz\source\repos\CoD4\CoD4x-Utility\Utility\Threads\Update.cs" />
        <File uid="23" fullPath="D:\Users\Iswenzz\source\repos\CoD4\CoD4x-Utility\Utility\Threads\TaskStart.cs" />
        <File uid="25" fullPath="D:\Users\Iswenzz\source\repos\CoD4\CoD4x-Utility\Utility\Threads\UpdateSoftware.cs" />
        <File uid="26" fullPath="D:\Users\Iswenzz\source\repos\CoD4\CoD4x-Utility\Utility\Profiles\FirstRun.cs" />
        <File uid="27" fullPath="D:\Users\Iswenzz\source\repos\CoD4\CoD4x-Utility\Utility\Profiles\Main.cs" />
        <File uid="28" fullPath="D:\Users\Iswenzz\source\repos\CoD4\CoD4x-Utility\Utility\Profiles\Addresses.cs" />
        <File uid="29" fullPath="D:\Users\Iswenzz\source\repos\CoD4\CoD4x-Utility\Utility\Profiles\List.cs" />
        <File uid="30" fullPath="D:\Users\Iswenzz\source\repos\CoD4\CoD4x-Utility\Utility\Profiles\Variables.cs" />
        <File uid="32" fullPath="D:\Users\Iswenzz\source\repos\CoD4\CoD4x-Utility\Utility\Profiles\LoadXML.cs" />
        <File uid="33" fullPath="D:\Users\Iswenzz\source\repos\CoD4\CoD4x-Utility\Utility\Profiles\SaveXML.cs" />
        <File uid="34" fullPath="D:\Users\Iswenzz\source\repos\CoD4\CoD4x-Utility\Utility\Profiles\SaveCFG.cs" />
        <File uid="35" fullPath="D:\Users\Iswenzz\source\repos\CoD4\CoD4x-Utility\Utility\Command\Read.cs" />
        <File uid="36" fullPath="D:\Users\Iswenzz\source\repos\CoD4\CoD4x-Utility\Utility\Command\ReadRead.cs" />
        <File uid="37" fullPath="D:\Users\Iswenzz\source\repos\CoD4\CoD4x-Utility\Utility\Command\ReadReadVector.cs" />
        <File uid="38" fullPath="D:\Users\Iswenzz\source\repos\CoD4\CoD4x-Utility\Utility\Command\ReadWrite.cs" />
        <File uid="39" fullPath="D:\Users\Iswenzz\source\repos\CoD4\CoD4x-Utility\Utility\Command\ReadWriteVector.cs" />
        <File uid="40" fullPath="D:\Users\Iswenzz\source\repos\CoD4\CoD4x-Utility\Utility\Command\Write.cs" />
        <File uid="41" fullPath="D:\Users\Iswenzz\source\repos\CoD4\CoD4x-Utility\obj\Release\Common.cs" />
        <File uid="42" fullPath="D:\Users\Iswenzz\source\repos\CoD4\CoD4x-Utility\obj\Release\ILTemplate.cs" />
      </Files>
      <Classes>
        <Class>
          <Summary numSequencePoints="0" visitedSequencePoints="0" numBranchPoints="0" visitedBranchPoints="0" sequenceCoverage="0" branchCoverage="0" maxCyclomaticComplexity="1" minCyclomaticComplexity="1" visitedClasses="0" numClasses="0" visitedMethods="0" numMethods="0" />
          <FullName>&lt;Module&gt;</FullName>
          <Methods>
            <Method visited="true" cyclomaticComplexity="1" nPathComplexity="0" sequenceCoverage="0" branchCoverage="0" isConstructor="true" isStatic="true" isGetter="false" isSetter="false">
              <Summary numSequencePoints="0" visitedSequencePoints="0" numBranchPoints="0" visitedBranchPoints="0" sequenceCoverage="0" branchCoverage="0" maxCyclomaticComplexity="1" minCyclomaticComplexity="1" visitedClasses="0" numClasses="0" visitedMethods="0" numMethods="0" />
              <MetadataToken>100663297</MetadataToken>
              <Name>System.Void &lt;Module&gt;::.cctor()</Name>
              <SequencePoints />
              <BranchPoints />
              <MethodPoint vc="1" uspid="1" ordinal="0" offset="0" />
            </Method>
          </Methods>
        </Class>
        <Class>
          <Summary numSequencePoints="11" visitedSequencePoints="0" numBranchPoints="7" visitedBranchPoints="0" sequenceCoverage="0" branchCoverage="0" maxCyclomaticComplexity="2" minCyclomaticComplexity="1" visitedClasses="0" numClasses="1" visitedMethods="0" numMethods="5" />
          <FullName>Iswenzz.CoD4.Properties.Resources</FullName>
          <Methods>
            <Method visited="false" cyclomaticComplexity="2" nPathComplexity="2" sequenceCoverage="0" branchCoverage="0" isConstructor="false" isStatic="true" isGetter="true" isSetter="false">
              <Summary numSequencePoints="4" visitedSequencePoints="0" numBranchPoints="3" visitedBranchPoints="0" sequenceCoverage="0" branchCoverage="0" maxCyclomaticComplexity="2" minCyclomaticComplexity="2" visitedClasses="0" numClasses="0" visitedMethods="0" numMethods="1" />
              <MetadataToken>100663299</MetadataToken>
              <Name>System.Resources.ResourceManager Iswenzz.CoD4.Properties.Resources::get_ResourceManager()</Name>
              <FileRef uid="1" />
              <SequencePoints>
                <SequencePoint vc="0" uspid="2" ordinal="0" offset="0" sl="41" sc="17" el="41" ec="63" bec="2" bev="0" fileid="1" />
                <SequencePoint vc="0" uspid="3" ordinal="1" offset="7" sl="42" sc="21" el="42" ec="179" bec="0" bev="0" fileid="1" />
                <SequencePoint vc="0" uspid="4" ordinal="2" offset="32" sl="43" sc="21" el="43" ec="40" bec="0" bev="0" fileid="1" />
                <SequencePoint vc="0" uspid="5" ordinal="3" offset="37" sl="45" sc="17" el="45" ec="36" bec="0" bev="0" fileid="1" />
              </SequencePoints>
              <BranchPoints>
                <BranchPoint vc="0" uspid="6" ordinal="0" offset="5" sl="41" path="0" offsetend="7" fileid="1" />
                <BranchPoint vc="0" uspid="7" ordinal="1" offset="5" sl="41" path="1" offsetend="37" fileid="1" />
              </BranchPoints>
              <MethodPoint xsi:type="SequencePoint" vc="0" uspid="2" ordinal="0" offset="0" sl="41" sc="17" el="41" ec="63" bec="2" bev="0" fileid="1" />
            </Method>
            <Method visited="false" cyclomaticComplexity="1" nPathComplexity="0" sequenceCoverage="0" branchCoverage="0" isConstructor="false" isStatic="true" isGetter="true" isSetter="false">
              <Summary numSequencePoints="1" visitedSequencePoints="0" numBranchPoints="1" visitedBranchPoints="0" sequenceCoverage="0" branchCoverage="0" maxCyclomaticComplexity="1" minCyclomaticComplexity="1" visitedClasses="0" numClasses="0" visitedMethods="0" numMethods="1" />
              <MetadataToken>100663300</MetadataToken>
              <Name>System.Globalization.CultureInfo Iswenzz.CoD4.Properties.Resources::get_Culture()</Name>
              <FileRef uid="1" />
              <SequencePoints>
                <SequencePoint vc="0" uspid="8" ordinal="0" offset="0" sl="56" sc="17" el="56" ec="40" bec="0" bev="0" fileid="1" />
              </SequencePoints>
              <BranchPoints />
              <MethodPoint xsi:type="SequencePoint" vc="0" uspid="8" ordinal="0" offset="0" sl="56" sc="17" el="56" ec="40" bec="0" bev="0" fileid="1" />
            </Method>
            <Method visited="false" cyclomaticComplexity="1" nPathComplexity="0" sequenceCoverage="0" branchCoverage="0" isConstructor="false" isStatic="true" isGetter="false" isSetter="true">
              <Summary numSequencePoints="2" visitedSequencePoints="0" numBranchPoints="1" visitedBranchPoints="0" sequenceCoverage="0" branchCoverage="0" maxCyclomaticComplexity="1" minCyclomaticComplexity="1" visitedClasses="0" numClasses="0" visitedMethods="0" numMethods="1" />
              <MetadataToken>100663301</MetadataToken>
              <Name>System.Void Iswenzz.CoD4.Properties.Resources::set_Culture(System.Globalization.CultureInfo)</Name>
              <FileRef uid="1" />
              <SequencePoints>
                <SequencePoint vc="0" uspid="9" ordinal="0" offset="0" sl="59" sc="17" el="59" ec="41" bec="0" bev="0" fileid="1" />
                <SequencePoint vc="0" uspid="10" ordinal="1" offset="6" sl="60" sc="13" el="60" ec="14" bec="0" bev="0" fileid="1" />
              </SequencePoints>
              <BranchPoints />
              <MethodPoint xsi:type="SequencePoint" vc="0" uspid="9" ordinal="0" offset="0" sl="59" sc="17" el="59" ec="41" bec="0" bev="0" fileid="1" />
            </Method>
            <Method visited="false" cyclomaticComplexity="1" nPathComplexity="0" sequenceCoverage="0" branchCoverage="0" isConstructor="false" isStatic="true" isGetter="true" isSetter="false">
              <Summary numSequencePoints="2" visitedSequencePoints="0" numBranchPoints="1" visitedBranchPoints="0" sequenceCoverage="0" branchCoverage="0" maxCyclomaticComplexity="1" minCyclomaticComplexity="1" visitedClasses="0" numClasses="0" visitedMethods="0" numMethods="1" />
              <MetadataToken>100663302</MetadataToken>
              <Name>System.Drawing.Bitmap Iswenzz.CoD4.Properties.Resources::get_iswenzz()</Name>
              <FileRef uid="1" />
              <SequencePoints>
                <SequencePoint vc="0" uspid="11" ordinal="0" offset="0" sl="68" sc="17" el="68" ec="84" bec="0" bev="0" fileid="1" />
                <SequencePoint vc="0" uspid="12" ordinal="1" offset="20" sl="69" sc="17" el="69" ec="55" bec="0" bev="0" fileid="1" />
              </SequencePoints>
              <BranchPoints />
              <MethodPoint xsi:type="SequencePoint" vc="0" uspid="11" ordinal="0" offset="0" sl="68" sc="17" el="68" ec="84" bec="0" bev="0" fileid="1" />
            </Method>
            <Method visited="false" cyclomaticComplexity="1" nPathComplexity="0" sequenceCoverage="0" branchCoverage="0" isConstructor="true" isStatic="false" isGetter="false" isSetter="false">
              <Summary numSequencePoints="2" visitedSequencePoints="0" numBranchPoints="1" visitedBranchPoints="0" sequenceCoverage="0" branchCoverage="0" maxCyclomaticComplexity="1" minCyclomaticComplexity="1" visitedClasses="0" numClasses="0" visitedMethods="0" numMethods="1" />
              <MetadataToken>100663298</MetadataToken>
              <Name>System.Void Iswenzz.CoD4.Properties.Resources::.ctor()</Name>
              <FileRef uid="1" />
              <SequencePoints>
                <SequencePoint vc="0" uspid="13" ordinal="0" offset="0" sl="32" sc="9" el="32" ec="29" bec="0" bev="0" fileid="1" />
                <SequencePoint vc="0" uspid="14" ordinal="1" offset="6" sl="33" sc="9" el="33" ec="10" bec="0" bev="0" fileid="1" />
              </SequencePoints>
              <BranchPoints />
              <MethodPoint xsi:type="SequencePoint" vc="0" uspid="13" ordinal="0" offset="0" sl="32" sc="9" el="32" ec="29" bec="0" bev="0" fileid="1" />
            </Method>
          </Methods>
        </Class>
        <Class>
          <Summary numSequencePoints="2" visitedSequencePoints="0" numBranchPoints="2" visitedBranchPoints="0" sequenceCoverage="0" branchCoverage="0" maxCyclomaticComplexity="1" minCyclomaticComplexity="1" visitedClasses="0" numClasses="1" visitedMethods="0" numMethods="2" />
          <FullName>Iswenzz.CoD4.Properties.Settings</FullName>
          <Methods>
            <Method visited="false" cyclomaticComplexity="1" nPathComplexity="0" sequenceCoverage="0" branchCoverage="0" isConstructor="false" isStatic="true" isGetter="true" isSetter="false">
              <Summary numSequencePoints="1" visitedSequencePoints="0" numBranchPoints="1" visitedBranchPoints="0" sequenceCoverage="0" branchCoverage="0" maxCyclomaticComplexity="1" minCyclomaticComplexity="1" visitedClasses="0" numClasses="0" visitedMethods="0" numMethods="1" />
              <MetadataToken>100663303</MetadataToken>
              <Name>Iswenzz.CoD4.Properties.Settings Iswenzz.CoD4.Properties.Settings::get_Default()</Name>
              <FileRef uid="2" />
              <SequencePoints>
                <SequencePoint vc="0" uspid="15" ordinal="0" offset="0" sl="22" sc="17" el="22" ec="40" bec="0" bev="0" fileid="2" />
              </SequencePoints>
              <BranchPoints />
              <MethodPoint xsi:type="SequencePoint" vc="0" uspid="15" ordinal="0" offset="0" sl="22" sc="17" el="22" ec="40" bec="0" bev="0" fileid="2" />
            </Method>
            <Method visited="false" cyclomaticComplexity="1" nPathComplexity="0" sequenceCoverage="0" branchCoverage="0" isConstructor="true" isStatic="false" isGetter="false" isSetter="false">
              <Summary numSequencePoints="0" visitedSequencePoints="0" numBranchPoints="0" visitedBranchPoints="0" sequenceCoverage="0" branchCoverage="0" maxCyclomaticComplexity="1" minCyclomaticComplexity="1" visitedClasses="0" numClasses="0" visitedMethods="0" numMethods="0" />
              <MetadataToken>100663304</MetadataToken>
              <Name>System.Void Iswenzz.CoD4.Properties.Settings::.ctor()</Name>
              <SequencePoints />
              <BranchPoints />
              <MethodPoint vc="0" uspid="16" ordinal="0" offset="0" />
            </Method>
            <Method visited="false" cyclomaticComplexity="1" nPathComplexity="0" sequenceCoverage="0" branchCoverage="0" isConstructor="true" isStatic="true" isGetter="false" isSetter="false">
              <Summary numSequencePoints="1" visitedSequencePoints="0" numBranchPoints="1" visitedBranchPoints="0" sequenceCoverage="0" branchCoverage="0" maxCyclomaticComplexity="1" minCyclomaticComplexity="1" visitedClasses="0" numClasses="0" visitedMethods="0" numMethods="1" />
              <MetadataToken>100663305</MetadataToken>
              <Name>System.Void Iswenzz.CoD4.Properties.Settings::.cctor()</Name>
              <FileRef uid="2" />
              <SequencePoints>
                <SequencePoint vc="0" uspid="17" ordinal="0" offset="0" sl="18" sc="9" el="18" ec="147" bec="0" bev="0" fileid="2" />
              </SequencePoints>
              <BranchPoints />
              <MethodPoint xsi:type="SequencePoint" vc="0" uspid="17" ordinal="0" offset="0" sl="18" sc="9" el="18" ec="147" bec="0" bev="0" fileid="2" />
            </Method>
          </Methods>
        </Class>
        <Class>
          <Summary numSequencePoints="392" visitedSequencePoints="295" numBranchPoints="47" visitedBranchPoints="7" sequenceCoverage="75.26" branchCoverage="14.89" maxCyclomaticComplexity="8" minCyclomaticComplexity="1" visitedClasses="1" numClasses="1" visitedMethods="4" numMethods="13" />
          <FullName>Iswenzz.CoD4.Utility.Graphics</FullName>
          <Methods>
            <Method visited="true" cyclomaticComplexity="1" nPathComplexity="0" sequenceCoverage="100" branchCoverage="100" isConstructor="true" isStatic="false" isGetter="false" isSetter="false">
              <Summary numSequencePoints="4" visitedSequencePoints="4" numBranchPoints="1" visitedBranchPoints="1" sequenceCoverage="100" branchCoverage="100" maxCyclomaticComplexity="1" minCyclomaticComplexity="1" visitedClasses="0" numClasses="0" visitedMethods="1" numMethods="1" />
              <MetadataToken>100663306</MetadataToken>
              <Name>System.Void Iswenzz.CoD4.Utility.Graphics::.ctor()</Name>
              <FileRef uid="3" />
              <SequencePoints>
                <SequencePoint vc="1" uspid="18" ordinal="0" offset="0" sl="11" sc="9" el="11" ec="26" bec="0" bev="0" fileid="3" />
                <SequencePoint vc="1" uspid="19" ordinal="1" offset="6" sl="13" sc="13" el="13" ec="35" bec="0" bev="0" fileid="3" />
                <SequencePoint vc="1" uspid="20" ordinal="2" offset="12" sl="14" sc="13" el="14" ec="55" bec="0" bev="0" fileid="3" />
                <SequencePoint vc="1" uspid="21" ordinal="3" offset="30" sl="15" sc="9" el="15" ec="10" bec="0" bev="0" fileid="3" />
              </SequencePoints>
              <BranchPoints />
              <MethodPoint xsi:type="SequencePoint" vc="1" uspid="18" ordinal="0" offset="0" sl="11" sc="9" el="11" ec="26" bec="0" bev="0" fileid="3" />
            </Method>
            <Method visited="true" cyclomaticComplexity="2" nPathComplexity="2" sequenceCoverage="66.67" branchCoverage="66.67" isConstructor="false" isStatic="false" isGetter="false" isSetter="false">
              <Summary numSequencePoints="3" visitedSequencePoints="2" numBranchPoints="3" visitedBranchPoints="2" sequenceCoverage="66.67" branchCoverage="66.67" maxCyclomaticComplexity="2" minCyclomaticComplexity="2" visitedClasses="0" numClasses="0" visitedMethods="1" numMethods="1" />
              <MetadataToken>100663307</MetadataToken>
              <Name>System.Void Iswenzz.CoD4.Utility.Graphics::Graphics_VisibleChanged(System.Object,System.EventArgs)</Name>
              <FileRef uid="3" />
              <SequencePoints>
                <SequencePoint vc="1" uspid="22" ordinal="0" offset="0" sl="19" sc="13" el="19" ec="25" bec="2" bev="1" fileid="3" />
                <SequencePoint vc="0" uspid="23" ordinal="1" offset="8" sl="20" sc="17" el="20" ec="31" bec="0" bev="0" fileid="3" />
                <SequencePoint vc="1" uspid="24" ordinal="2" offset="14" sl="21" sc="9" el="21" ec="10" bec="0" bev="0" fileid="3" />
              </SequencePoints>
              <BranchPoints>
                <BranchPoint vc="0" uspid="25" ordinal="0" offset="6" sl="19" path="0" offsetend="8" fileid="3" />
                <BranchPoint vc="1" uspid="26" ordinal="1" offset="6" sl="19" path="1" offsetend="14" fileid="3" />
              </BranchPoints>
              <MethodPoint xsi:type="SequencePoint" vc="1" uspid="22" ordinal="0" offset="0" sl="19" sc="13" el="19" ec="25" bec="2" bev="1" fileid="3" />
            </Method>
            <Method visited="false" cyclomaticComplexity="2" nPathComplexity="2" sequenceCoverage="0" branchCoverage="0" isConstructor="false" isStatic="false" isGetter="false" isSetter="false">
              <Summary numSequencePoints="9" visitedSequencePoints="0" numBranchPoints="3" visitedBranchPoints="0" sequenceCoverage="0" branchCoverage="0" maxCyclomaticComplexity="2" minCyclomaticComplexity="2" visitedClasses="0" numClasses="0" visitedMethods="0" numMethods="1" />
              <MetadataToken>100663308</MetadataToken>
              <Name>System.Void Iswenzz.CoD4.Utility.Graphics::b0_Click(System.Object,System.EventArgs)</Name>
              <FileRef uid="3" />
              <SequencePoints>
                <SequencePoint vc="0" uspid="27" ordinal="0" offset="0" sl="25" sc="13" el="25" ec="40" bec="2" bev="0" fileid="3" />
                <SequencePoint vc="0" uspid="28" ordinal="1" offset="7" sl="27" sc="17" el="27" ec="46" bec="0" bev="0" fileid="3" />
                <SequencePoint vc="0" uspid="29" ordinal="2" offset="13" sl="28" sc="17" el="28" ec="73" bec="0" bev="0" fileid="3" />
                <SequencePoint vc="0" uspid="30" ordinal="3" offset="28" sl="29" sc="17" el="29" ec="39" bec="0" bev="0" fileid="3" />
                <SequencePoint vc="0" uspid="31" ordinal="4" offset="40" sl="30" sc="13" el="30" ec="14" bec="0" bev="0" fileid="3" />
                <SequencePoint vc="0" uspid="32" ordinal="5" offset="41" sl="34" sc="17" el="34" ec="47" bec="0" bev="0" fileid="3" />
                <SequencePoint vc="0" uspid="33" ordinal="6" offset="47" sl="35" sc="17" el="35" ec="73" bec="0" bev="0" fileid="3" />
                <SequencePoint vc="0" uspid="34" ordinal="7" offset="62" sl="36" sc="17" el="36" ec="40" bec="0" bev="0" fileid="3" />
                <SequencePoint vc="0" uspid="35" ordinal="8" offset="74" sl="38" sc="9" el="38" ec="10" bec="0" bev="0" fileid="3" />
              </SequencePoints>
              <BranchPoints>
                <BranchPoint vc="0" uspid="36" ordinal="0" offset="5" sl="25" path="0" offsetend="7" fileid="3" />
                <BranchPoint vc="0" uspid="37" ordinal="1" offset="5" sl="25" path="1" offsetend="41" fileid="3" />
              </BranchPoints>
              <MethodPoint xsi:type="SequencePoint" vc="0" uspid="27" ordinal="0" offset="0" sl="25" sc="13" el="25" ec="40" bec="2" bev="0" fileid="3" />
            </Method>
            <Method visited="false" cyclomaticComplexity="2" nPathComplexity="2" sequenceCoverage="0" branchCoverage="0" isConstructor="false" isStatic="false" isGetter="false" isSetter="false">
              <Summary numSequencePoints="9" visitedSequencePoints="0" numBranchPoints="3" visitedBranchPoints="0" sequenceCoverage="0" branchCoverage="0" maxCyclomaticComplexity="2" minCyclomaticComplexity="2" visitedClasses="0" numClasses="0" visitedMethods="0" numMethods="1" />
              <MetadataToken>100663309</MetadataToken>
              <Name>System.Void Iswenzz.CoD4.Utility.Graphics::b1_Click(System.Object,System.EventArgs)</Name>
              <FileRef uid="3" />
              <SequencePoints>
                <SequencePoint vc="0" uspid="38" ordinal="0" offset="0" sl="42" sc="13" el="42" ec="41" bec="2" bev="0" fileid="3" />
                <SequencePoint vc="0" uspid="39" ordinal="1" offset="7" sl="44" sc="17" el="44" ec="47" bec="0" bev="0" fileid="3" />
                <SequencePoint vc="0" uspid="40" ordinal="2" offset="13" sl="45" sc="17" el="45" ec="75" bec="0" bev="0" fileid="3" />
                <SequencePoint vc="0" uspid="41" ordinal="3" offset="28" sl="46" sc="17" el="46" ec="39" bec="0" bev="0" fileid="3" />
                <SequencePoint vc="0" uspid="42" ordinal="4" offset="40" sl="47" sc="13" el="47" ec="14" bec="0" bev="0" fileid="3" />
                <SequencePoint vc="0" uspid="43" ordinal="5" offset="41" sl="51" sc="17" el="51" ec="48" bec="0" bev="0" fileid="3" />
                <SequencePoint vc="0" uspid="44" ordinal="6" offset="47" sl="52" sc="17" el="52" ec="75" bec="0" bev="0" fileid="3" />
                <SequencePoint vc="0" uspid="45" ordinal="7" offset="62" sl="53" sc="17" el="53" ec="40" bec="0" bev="0" fileid="3" />
                <SequencePoint vc="0" uspid="46" ordinal="8" offset="74" sl="55" sc="9" el="55" ec="10" bec="0" bev="0" fileid="3" />
              </SequencePoints>
              <BranchPoints>
                <BranchPoint vc="0" uspid="47" ordinal="0" offset="5" sl="42" path="0" offsetend="7" fileid="3" />
                <BranchPoint vc="0" uspid="48" ordinal="1" offset="5" sl="42" path="1" offsetend="41" fileid="3" />
              </BranchPoints>
              <MethodPoint xsi:type="SequencePoint" vc="0" uspid="38" ordinal="0" offset="0" sl="42" sc="13" el="42" ec="41" bec="2" bev="0" fileid="3" />
            </Method>
            <Method visited="false" cyclomaticComplexity="2" nPathComplexity="2" sequenceCoverage="0" branchCoverage="0" isConstructor="false" isStatic="false" isGetter="false" isSetter="false">
              <Summary numSequencePoints="15" visitedSequencePoints="0" numBranchPoints="3" visitedBranchPoints="0" sequenceCoverage="0" branchCoverage="0" maxCyclomaticComplexity="2" minCyclomaticComplexity="2" visitedClasses="0" numClasses="0" visitedMethods="0" numMethods="1" />
              <MetadataToken>100663310</MetadataToken>
              <Name>System.Void Iswenzz.CoD4.Utility.Graphics::b2_Click(System.Object,System.EventArgs)</Name>
              <FileRef uid="3" />
              <SequencePoints>
                <SequencePoint vc="0" uspid="49" ordinal="0" offset="0" sl="59" sc="13" el="59" ec="43" bec="2" bev="0" fileid="3" />
                <SequencePoint vc="0" uspid="50" ordinal="1" offset="7" sl="61" sc="17" el="61" ec="49" bec="0" bev="0" fileid="3" />
                <SequencePoint vc="0" uspid="51" ordinal="2" offset="13" sl="62" sc="17" el="62" ec="79" bec="0" bev="0" fileid="3" />
                <SequencePoint vc="0" uspid="52" ordinal="3" offset="28" sl="63" sc="17" el="63" ec="52" bec="0" bev="0" fileid="3" />
                <SequencePoint vc="0" uspid="53" ordinal="4" offset="39" sl="64" sc="17" el="64" ec="48" bec="0" bev="0" fileid="3" />
                <SequencePoint vc="0" uspid="54" ordinal="5" offset="50" sl="65" sc="17" el="65" ec="42" bec="0" bev="0" fileid="3" />
                <SequencePoint vc="0" uspid="55" ordinal="6" offset="61" sl="66" sc="17" el="66" ec="39" bec="0" bev="0" fileid="3" />
                <SequencePoint vc="0" uspid="56" ordinal="7" offset="73" sl="67" sc="13" el="67" ec="14" bec="0" bev="0" fileid="3" />
                <SequencePoint vc="0" uspid="57" ordinal="8" offset="74" sl="71" sc="17" el="71" ec="50" bec="0" bev="0" fileid="3" />
                <SequencePoint vc="0" uspid="58" ordinal="9" offset="80" sl="72" sc="17" el="72" ec="79" bec="0" bev="0" fileid="3" />
                <SequencePoint vc="0" uspid="59" ordinal="10" offset="95" sl="73" sc="17" el="73" ec="52" bec="0" bev="0" fileid="3" />
                <SequencePoint vc="0" uspid="60" ordinal="11" offset="106" sl="74" sc="17" el="74" ec="48" bec="0" bev="0" fileid="3" />
                <SequencePoint vc="0" uspid="61" ordinal="12" offset="117" sl="75" sc="17" el="75" ec="42" bec="0" bev="0" fileid="3" />
                <SequencePoint vc="0" uspid="62" ordinal="13" offset="128" sl="76" sc="17" el="76" ec="40" bec="0" bev="0" fileid="3" />
                <SequencePoint vc="0" uspid="63" ordinal="14" offset="140" sl="78" sc="9" el="78" ec="10" bec="0" bev="0" fileid="3" />
              </SequencePoints>
              <BranchPoints>
                <BranchPoint vc="0" uspid="64" ordinal="0" offset="5" sl="59" path="0" offsetend="7" fileid="3" />
                <BranchPoint vc="0" uspid="65" ordinal="1" offset="5" sl="59" path="1" offsetend="74" fileid="3" />
              </BranchPoints>
              <MethodPoint xsi:type="SequencePoint" vc="0" uspid="49" ordinal="0" offset="0" sl="59" sc="13" el="59" ec="43" bec="2" bev="0" fileid="3" />
            </Method>
            <Method visited="false" cyclomaticComplexity="1" nPathComplexity="0" sequenceCoverage="0" branchCoverage="0" isConstructor="false" isStatic="false" isGetter="false" isSetter="false">
              <Summary numSequencePoints="3" visitedSequencePoints="0" numBranchPoints="1" visitedBranchPoints="0" sequenceCoverage="0" branchCoverage="0" maxCyclomaticComplexity="1" minCyclomaticComplexity="1" visitedClasses="0" numClasses="0" visitedMethods="0" numMethods="1" />
              <MetadataToken>100663311</MetadataToken>
              <Name>System.Void Iswenzz.CoD4.Utility.Graphics::b3_ValueChanged(System.Object,System.EventArgs)</Name>
              <FileRef uid="3" />
              <SequencePoints>
                <SequencePoint vc="0" uspid="66" ordinal="0" offset="0" sl="82" sc="13" el="82" ec="50" bec="0" bev="0" fileid="3" />
                <SequencePoint vc="0" uspid="67" ordinal="1" offset="16" sl="83" sc="13" el="83" ec="77" bec="0" bev="0" fileid="3" />
                <SequencePoint vc="0" uspid="68" ordinal="2" offset="31" sl="84" sc="9" el="84" ec="10" bec="0" bev="0" fileid="3" />
              </SequencePoints>
              <BranchPoints />
              <MethodPoint xsi:type="SequencePoint" vc="0" uspid="66" ordinal="0" offset="0" sl="82" sc="13" el="82" ec="50" bec="0" bev="0" fileid="3" />
            </Method>
            <Method visited="false" cyclomaticComplexity="2" nPathComplexity="2" sequenceCoverage="0" branchCoverage="0" isConstructor="false" isStatic="false" isGetter="false" isSetter="false">
              <Summary numSequencePoints="9" visitedSequencePoints="0" numBranchPoints="3" visitedBranchPoints="0" sequenceCoverage="0" branchCoverage="0" maxCyclomaticComplexity="2" minCyclomaticComplexity="2" visitedClasses="0" numClasses="0" visitedMethods="0" numMethods="1" />
              <MetadataToken>100663312</MetadataToken>
              <Name>System.Void Iswenzz.CoD4.Utility.Graphics::b4_Click(System.Object,System.EventArgs)</Name>
              <FileRef uid="3" />
              <SequencePoints>
                <SequencePoint vc="0" uspid="69" ordinal="0" offset="0" sl="88" sc="13" el="88" ec="43" bec="2" bev="0" fileid="3" />
                <SequencePoint vc="0" uspid="70" ordinal="1" offset="7" sl="90" sc="17" el="90" ec="49" bec="0" bev="0" fileid="3" />
                <SequencePoint vc="0" uspid="71" ordinal="2" offset="13" sl="91" sc="17" el="91" ec="79" bec="0" bev="0" fileid="3" />
                <SequencePoint vc="0" uspid="72" ordinal="3" offset="28" sl="92" sc="17" el="92" ec="39" bec="0" bev="0" fileid="3" />
                <SequencePoint vc="0" uspid="73" ordinal="4" offset="40" sl="93" sc="13" el="93" ec="14" bec="0" bev="0" fileid="3" />
                <SequencePoint vc="0" uspid="74" ordinal="5" offset="41" sl="97" sc="17" el="97" ec="50" bec="0" bev="0" fileid="3" />
                <SequencePoint vc="0" uspid="75" ordinal="6" offset="47" sl="98" sc="17" el="98" ec="79" bec="0" bev="0" fileid="3" />
                <SequencePoint vc="0" uspid="76" ordinal="7" offset="62" sl="99" sc="17" el="99" ec="40" bec="0" bev="0" fileid="3" />
                <SequencePoint vc="0" uspid="77" ordinal="8" offset="74" sl="101" sc="9" el="101" ec="10" bec="0" bev="0" fileid="3" />
              </SequencePoints>
              <BranchPoints>
                <BranchPoint vc="0" uspid="78" ordinal="0" offset="5" sl="88" path="0" offsetend="7" fileid="3" />
                <BranchPoint vc="0" uspid="79" ordinal="1" offset="5" sl="88" path="1" offsetend="41" fileid="3" />
              </BranchPoints>
              <MethodPoint xsi:type="SequencePoint" vc="0" uspid="69" ordinal="0" offset="0" sl="88" sc="13" el="88" ec="43" bec="2" bev="0" fileid="3" />
            </Method>
            <Method visited="false" cyclomaticComplexity="2" nPathComplexity="2" sequenceCoverage="0" branchCoverage="0" isConstructor="false" isStatic="false" isGetter="false" isSetter="false">
              <Summary numSequencePoints="9" visitedSequencePoints="0" numBranchPoints="3" visitedBranchPoints="0" sequenceCoverage="0" branchCoverage="0" maxCyclomaticComplexity="2" minCyclomaticComplexity="2" visitedClasses="0" numClasses="0" visitedMethods="0" numMethods="1" />
              <MetadataToken>100663313</MetadataToken>
              <Name>System.Void Iswenzz.CoD4.Utility.Graphics::b5_Click(System.Object,System.EventArgs)</Name>
              <FileRef uid="3" />
              <SequencePoints>
                <SequencePoint vc="0" uspid="80" ordinal="0" offset="0" sl="105" sc="13" el="105" ec="40" bec="2" bev="0" fileid="3" />
                <SequencePoint vc="0" uspid="81" ordinal="1" offset="7" sl="107" sc="17" el="107" ec="46" bec="0" bev="0" fileid="3" />
                <SequencePoint vc="0" uspid="82" ordinal="2" offset="13" sl="108" sc="17" el="108" ec="73" bec="0" bev="0" fileid="3" />
                <SequencePoint vc="0" uspid="83" ordinal="3" offset="28" sl="109" sc="17" el="109" ec="39" bec="0" bev="0" fileid="3" />
                <SequencePoint vc="0" uspid="84" ordinal="4" offset="40" sl="110" sc="13" el="110" ec="14" bec="0" bev="0" fileid="3" />
                <SequencePoint vc="0" uspid="85" ordinal="5" offset="41" sl="114" sc="17" el="114" ec="47" bec="0" bev="0" fileid="3" />
                <SequencePoint vc="0" uspid="86" ordinal="6" offset="47" sl="115" sc="17" el="115" ec="73" bec="0" bev="0" fileid="3" />
                <SequencePoint vc="0" uspid="87" ordinal="7" offset="62" sl="116" sc="17" el="116" ec="40" bec="0" bev="0" fileid="3" />
                <SequencePoint vc="0" uspid="88" ordinal="8" offset="74" sl="118" sc="9" el="118" ec="10" bec="0" bev="0" fileid="3" />
              </SequencePoints>
              <BranchPoints>
                <BranchPoint vc="0" uspid="89" ordinal="0" offset="5" sl="105" path="0" offsetend="7" fileid="3" />
                <BranchPoint vc="0" uspid="90" ordinal="1" offset="5" sl="105" path="1" offsetend="41" fileid="3" />
              </BranchPoints>
              <MethodPoint xsi:type="SequencePoint" vc="0" uspid="80" ordinal="0" offset="0" sl="105" sc="13" el="105" ec="40" bec="2" bev="0" fileid="3" />
            </Method>
            <Method visited="false" cyclomaticComplexity="2" nPathComplexity="2" sequenceCoverage="0" branchCoverage="0" isConstructor="false" isStatic="false" isGetter="false" isSetter="false">
              <Summary numSequencePoints="9" visitedSequencePoints="0" numBranchPoints="3" visitedBranchPoints="0" sequenceCoverage="0" branchCoverage="0" maxCyclomaticComplexity="2" minCyclomaticComplexity="2" visitedClasses="0" numClasses="0" visitedMethods="0" numMethods="1" />
              <MetadataToken>100663314</MetadataToken>
              <Name>System.Void Iswenzz.CoD4.Utility.Graphics::b6_Click(System.Object,System.EventArgs)</Name>
              <FileRef uid="3" />
              <SequencePoints>
                <SequencePoint vc="0" uspid="91" ordinal="0" offset="0" sl="122" sc="13" el="122" ec="39" bec="2" bev="0" fileid="3" />
                <SequencePoint vc="0" uspid="92" ordinal="1" offset="7" sl="124" sc="17" el="124" ec="45" bec="0" bev="0" fileid="3" />
                <SequencePoint vc="0" uspid="93" ordinal="2" offset="13" sl="125" sc="17" el="125" ec="71" bec="0" bev="0" fileid="3" />
                <SequencePoint vc="0" uspid="94" ordinal="3" offset="28" sl="126" sc="17" el="126" ec="39" bec="0" bev="0" fileid="3" />
                <SequencePoint vc="0" uspid="95" ordinal="4" offset="40" sl="127" sc="13" el="127" ec="14" bec="0" bev="0" fileid="3" />
                <SequencePoint vc="0" uspid="96" ordinal="5" offset="41" sl="131" sc="17" el="131" ec="46" bec="0" bev="0" fileid="3" />
                <SequencePoint vc="0" uspid="97" ordinal="6" offset="47" sl="132" sc="17" el="132" ec="71" bec="0" bev="0" fileid="3" />
                <SequencePoint vc="0" uspid="98" ordinal="7" offset="62" sl="133" sc="17" el="133" ec="40" bec="0" bev="0" fileid="3" />
                <SequencePoint vc="0" uspid="99" ordinal="8" offset="74" sl="135" sc="9" el="135" ec="10" bec="0" bev="0" fileid="3" />
              </SequencePoints>
              <BranchPoints>
                <BranchPoint vc="0" uspid="100" ordinal="0" offset="5" sl="122" path="0" offsetend="7" fileid="3" />
                <BranchPoint vc="0" uspid="101" ordinal="1" offset="5" sl="122" path="1" offsetend="41" fileid="3" />
              </BranchPoints>
              <MethodPoint xsi:type="SequencePoint" vc="0" uspid="91" ordinal="0" offset="0" sl="122" sc="13" el="122" ec="39" bec="2" bev="0" fileid="3" />
            </Method>
            <Method visited="false" cyclomaticComplexity="2" nPathComplexity="2" sequenceCoverage="0" branchCoverage="0" isConstructor="false" isStatic="false" isGetter="false" isSetter="false">
              <Summary numSequencePoints="9" visitedSequencePoints="0" numBranchPoints="3" visitedBranchPoints="0" sequenceCoverage="0" branchCoverage="0" maxCyclomaticComplexity="2" minCyclomaticComplexity="2" visitedClasses="0" numClasses="0" visitedMethods="0" numMethods="1" />
              <MetadataToken>100663315</MetadataToken>
              <Name>System.Void Iswenzz.CoD4.Utility.Graphics::b7_Click(System.Object,System.EventArgs)</Name>
              <FileRef uid="3" />
              <SequencePoints>
                <SequencePoint vc="0" uspid="102" ordinal="0" offset="0" sl="139" sc="13" el="139" ec="39" bec="2" bev="0" fileid="3" />
                <SequencePoint vc="0" uspid="103" ordinal="1" offset="7" sl="141" sc="17" el="141" ec="45" bec="0" bev="0" fileid="3" />
                <SequencePoint vc="0" uspid="104" ordinal="2" offset="13" sl="142" sc="17" el="142" ec="71" bec="0" bev="0" fileid="3" />
                <SequencePoint vc="0" uspid="105" ordinal="3" offset="28" sl="143" sc="17" el="143" ec="39" bec="0" bev="0" fileid="3" />
                <SequencePoint vc="0" uspid="106" ordinal="4" offset="40" sl="144" sc="13" el="144" ec="14" bec="0" bev="0" fileid="3" />
                <SequencePoint vc="0" uspid="107" ordinal="5" offset="41" sl="148" sc="17" el="148" ec="46" bec="0" bev="0" fileid="3" />
                <SequencePoint vc="0" uspid="108" ordinal="6" offset="47" sl="149" sc="17" el="149" ec="71" bec="0" bev="0" fileid="3" />
                <SequencePoint vc="0" uspid="109" ordinal="7" offset="62" sl="150" sc="17" el="150" ec="40" bec="0" bev="0" fileid="3" />
                <SequencePoint vc="0" uspid="110" ordinal="8" offset="74" sl="152" sc="9" el="152" ec="10" bec="0" bev="0" fileid="3" />
              </SequencePoints>
              <BranchPoints>
                <BranchPoint vc="0" uspid="111" ordinal="0" offset="5" sl="139" path="0" offsetend="7" fileid="3" />
                <BranchPoint vc="0" uspid="112" ordinal="1" offset="5" sl="139" path="1" offsetend="41" fileid="3" />
              </BranchPoints>
              <MethodPoint xsi:type="SequencePoint" vc="0" uspid="102" ordinal="0" offset="0" sl="139" sc="13" el="139" ec="39" bec="2" bev="0" fileid="3" />
            </Method>
            <Method visited="false" cyclomaticComplexity="8" nPathComplexity="128" sequenceCoverage="0" branchCoverage="0" isConstructor="false" isStatic="false" isGetter="false" isSetter="false">
              <Summary numSequencePoints="23" visitedSequencePoints="0" numBranchPoints="15" visitedBranchPoints="0" sequenceCoverage="0" branchCoverage="0" maxCyclomaticComplexity="8" minCyclomaticComplexity="8" visitedClasses="0" numClasses="0" visitedMethods="0" numMethods="1" />
              <MetadataToken>100663316</MetadataToken>
              <Name>System.Void Iswenzz.CoD4.Utility.Graphics::LoadButtons()</Name>
              <FileRef uid="3" />
              <SequencePoints>
                <SequencePoint vc="0" uspid="113" ordinal="0" offset="0" sl="156" sc="13" el="156" ec="39" bec="2" bev="0" fileid="3" />
                <SequencePoint vc="0" uspid="114" ordinal="1" offset="7" sl="157" sc="17" el="157" ec="39" bec="0" bev="0" fileid="3" />
                <SequencePoint vc="0" uspid="115" ordinal="2" offset="21" sl="159" sc="17" el="159" ec="40" bec="0" bev="0" fileid="3" />
                <SequencePoint vc="0" uspid="116" ordinal="3" offset="33" sl="161" sc="13" el="161" ec="40" bec="2" bev="0" fileid="3" />
                <SequencePoint vc="0" uspid="117" ordinal="4" offset="40" sl="162" sc="17" el="162" ec="39" bec="0" bev="0" fileid="3" />
                <SequencePoint vc="0" uspid="118" ordinal="5" offset="54" sl="164" sc="17" el="164" ec="40" bec="0" bev="0" fileid="3" />
                <SequencePoint vc="0" uspid="119" ordinal="6" offset="66" sl="166" sc="13" el="166" ec="42" bec="2" bev="0" fileid="3" />
                <SequencePoint vc="0" uspid="120" ordinal="7" offset="73" sl="167" sc="17" el="167" ec="39" bec="0" bev="0" fileid="3" />
                <SequencePoint vc="0" uspid="121" ordinal="8" offset="87" sl="169" sc="17" el="169" ec="40" bec="0" bev="0" fileid="3" />
                <SequencePoint vc="0" uspid="122" ordinal="9" offset="99" sl="171" sc="13" el="171" ec="50" bec="0" bev="0" fileid="3" />
                <SequencePoint vc="0" uspid="123" ordinal="10" offset="115" sl="173" sc="13" el="173" ec="42" bec="2" bev="0" fileid="3" />
                <SequencePoint vc="0" uspid="124" ordinal="11" offset="122" sl="174" sc="17" el="174" ec="39" bec="0" bev="0" fileid="3" />
                <SequencePoint vc="0" uspid="125" ordinal="12" offset="136" sl="176" sc="17" el="176" ec="40" bec="0" bev="0" fileid="3" />
                <SequencePoint vc="0" uspid="126" ordinal="13" offset="148" sl="178" sc="13" el="178" ec="39" bec="2" bev="0" fileid="3" />
                <SequencePoint vc="0" uspid="127" ordinal="14" offset="155" sl="179" sc="17" el="179" ec="39" bec="0" bev="0" fileid="3" />
                <SequencePoint vc="0" uspid="128" ordinal="15" offset="169" sl="181" sc="17" el="181" ec="40" bec="0" bev="0" fileid="3" />
                <SequencePoint vc="0" uspid="129" ordinal="16" offset="181" sl="183" sc="13" el="183" ec="38" bec="2" bev="0" fileid="3" />
                <SequencePoint vc="0" uspid="130" ordinal="17" offset="188" sl="184" sc="17" el="184" ec="39" bec="0" bev="0" fileid="3" />
                <SequencePoint vc="0" uspid="131" ordinal="18" offset="202" sl="186" sc="17" el="186" ec="40" bec="0" bev="0" fileid="3" />
                <SequencePoint vc="0" uspid="132" ordinal="19" offset="214" sl="188" sc="13" el="188" ec="38" bec="2" bev="0" fileid="3" />
                <SequencePoint vc="0" uspid="133" ordinal="20" offset="221" sl="189" sc="17" el="189" ec="39" bec="0" bev="0" fileid="3" />
                <SequencePoint vc="0" uspid="134" ordinal="21" offset="234" sl="191" sc="17" el="191" ec="40" bec="0" bev="0" fileid="3" />
                <SequencePoint vc="0" uspid="135" ordinal="22" offset="246" sl="192" sc="9" el="192" ec="10" bec="0" bev="0" fileid="3" />
              </SequencePoints>
              <BranchPoints>
                <BranchPoint vc="0" uspid="136" ordinal="0" offset="5" sl="156" path="0" offsetend="7" fileid="3" />
                <BranchPoint vc="0" uspid="137" ordinal="1" offset="5" sl="156" path="1" offsetend="21" fileid="3" />
                <BranchPoint vc="0" uspid="138" ordinal="2" offset="38" sl="161" path="0" offsetend="40" fileid="3" />
                <BranchPoint vc="0" uspid="139" ordinal="3" offset="38" sl="161" path="1" offsetend="54" fileid="3" />
                <BranchPoint vc="0" uspid="140" ordinal="4" offset="71" sl="166" path="0" offsetend="73" fileid="3" />
                <BranchPoint vc="0" uspid="141" ordinal="5" offset="71" sl="166" path="1" offsetend="87" fileid="3" />
                <BranchPoint vc="0" uspid="142" ordinal="6" offset="120" sl="173" path="0" offsetend="122" fileid="3" />
                <BranchPoint vc="0" uspid="143" ordinal="7" offset="120" sl="173" path="1" offsetend="136" fileid="3" />
                <BranchPoint vc="0" uspid="144" ordinal="8" offset="153" sl="178" path="0" offsetend="155" fileid="3" />
                <BranchPoint vc="0" uspid="145" ordinal="9" offset="153" sl="178" path="1" offsetend="169" fileid="3" />
                <BranchPoint vc="0" uspid="146" ordinal="10" offset="186" sl="183" path="0" offsetend="188" fileid="3" />
                <BranchPoint vc="0" uspid="147" ordinal="11" offset="186" sl="183" path="1" offsetend="202" fileid="3" />
                <BranchPoint vc="0" uspid="148" ordinal="12" offset="219" sl="188" path="0" offsetend="221" fileid="3" />
                <BranchPoint vc="0" uspid="149" ordinal="13" offset="219" sl="188" path="1" offsetend="234" fileid="3" />
              </BranchPoints>
              <MethodPoint xsi:type="SequencePoint" vc="0" uspid="113" ordinal="0" offset="0" sl="156" sc="13" el="156" ec="39" bec="2" bev="0" fileid="3" />
            </Method>
            <Method visited="true" cyclomaticComplexity="3" nPathComplexity="4" sequenceCoverage="75" branchCoverage="60" isConstructor="false" isStatic="false" isGetter="false" isSetter="false">
              <Summary numSequencePoints="4" visitedSequencePoints="3" numBranchPoints="5" visitedBranchPoints="3" sequenceCoverage="75" branchCoverage="60" maxCyclomaticComplexity="3" minCyclomaticComplexity="3" visitedClasses="0" numClasses="0" visitedMethods="1" numMethods="1" />
              <MetadataToken>100663317</MetadataToken>
              <Name>System.Void Iswenzz.CoD4.Utility.Graphics::Dispose(System.Boolean)</Name>
              <FileRef uid="4" />
              <SequencePoints>
                <SequencePoint vc="1" uspid="150" ordinal="0" offset="0" sl="17" sc="13" el="17" ec="51" bec="3" bev="2" fileid="4" />
                <SequencePoint vc="0" uspid="151" ordinal="1" offset="11" sl="19" sc="17" el="19" ec="38" bec="0" bev="0" fileid="4" />
                <SequencePoint vc="1" uspid="152" ordinal="2" offset="22" sl="21" sc="13" el="21" ec="37" bec="0" bev="0" fileid="4" />
                <SequencePoint vc="1" uspid="153" ordinal="3" offset="29" sl="22" sc="9" el="22" ec="10" bec="0" bev="0" fileid="4" />
              </SequencePoints>
              <BranchPoints>
                <BranchPoint vc="1" uspid="154" ordinal="0" offset="1" sl="17" path="0" offsetend="3" fileid="4" />
                <BranchPoint vc="0" uspid="155" ordinal="1" offset="1" sl="17" path="1" offsetend="22" fileid="4" />
                <BranchPoint vc="0" uspid="156" ordinal="2" offset="9" sl="17" path="0" offsetend="11" fileid="4" />
                <BranchPoint vc="1" uspid="157" ordinal="3" offset="9" sl="17" path="1" offsetend="22" fileid="4" />
              </BranchPoints>
              <MethodPoint xsi:type="SequencePoint" vc="1" uspid="150" ordinal="0" offset="0" sl="17" sc="13" el="17" ec="51" bec="3" bev="2" fileid="4" />
            </Method>
            <Method visited="true" cyclomaticComplexity="1" nPathComplexity="0" sequenceCoverage="100" branchCoverage="100" isConstructor="false" isStatic="false" isGetter="false" isSetter="false">
              <Summary numSequencePoints="286" visitedSequencePoints="286" numBranchPoints="1" visitedBranchPoints="1" sequenceCoverage="100" branchCoverage="100" maxCyclomaticComplexity="1" minCyclomaticComplexity="1" visitedClasses="0" numClasses="0" visitedMethods="1" numMethods="1" />
              <MetadataToken>100663318</MetadataToken>
              <Name>System.Void Iswenzz.CoD4.Utility.Graphics::InitializeComponent()</Name>
              <FileRef uid="4" />
              <SequencePoints>
                <SequencePoint vc="1" uspid="158" ordinal="0" offset="0" sl="30" sc="13" el="30" ec="72" bec="0" bev="0" fileid="4" />
                <SequencePoint vc="1" uspid="159" ordinal="1" offset="11" sl="31" sc="13" el="31" ec="72" bec="0" bev="0" fileid="4" />
                <SequencePoint vc="1" uspid="160" ordinal="2" offset="22" sl="32" sc="13" el="32" ec="72" bec="0" bev="0" fileid="4" />
                <SequencePoint vc="1" uspid="161" ordinal="3" offset="33" sl="33" sc="13" el="33" ec="72" bec="0" bev="0" fileid="4" />
                <SequencePoint vc="1" uspid="162" ordinal="4" offset="44" sl="34" sc="13" el="34" ec="72" bec="0" bev="0" fileid="4" />
                <SequencePoint vc="1" uspid="163" ordinal="5" offset="55" sl="35" sc="13" el="35" ec="72" bec="0" bev="0" fileid="4" />
                <SequencePoint vc="1" uspid="164" ordinal="6" offset="66" sl="36" sc="13" el="36" ec="72" bec="0" bev="0" fileid="4" />
                <SequencePoint vc="1" uspid="165" ordinal="7" offset="77" sl="37" sc="13" el="37" ec="72" bec="0" bev="0" fileid="4" />
                <SequencePoint vc="1" uspid="166" ordinal="8" offset="88" sl="38" sc="13" el="38" ec="83" bec="0" bev="0" fileid="4" />
                <SequencePoint vc="1" uspid="167" ordinal="9" offset="99" sl="39" sc="13" el="39" ec="68" bec="0" bev="0" fileid="4" />
                <SequencePoint vc="1" uspid="168" ordinal="10" offset="110" sl="40" sc="13" el="40" ec="68" bec="0" bev="0" fileid="4" />
                <SequencePoint vc="1" uspid="169" ordinal="11" offset="121" sl="41" sc="13" el="41" ec="68" bec="0" bev="0" fileid="4" />
                <SequencePoint vc="1" uspid="170" ordinal="12" offset="132" sl="42" sc="13" el="42" ec="68" bec="0" bev="0" fileid="4" />
                <SequencePoint vc="1" uspid="171" ordinal="13" offset="143" sl="43" sc="13" el="43" ec="68" bec="0" bev="0" fileid="4" />
                <SequencePoint vc="1" uspid="172" ordinal="14" offset="154" sl="44" sc="13" el="44" ec="68" bec="0" bev="0" fileid="4" />
                <SequencePoint vc="1" uspid="173" ordinal="15" offset="165" sl="45" sc="13" el="45" ec="68" bec="0" bev="0" fileid="4" />
                <SequencePoint vc="1" uspid="174" ordinal="16" offset="176" sl="46" sc="13" el="46" ec="83" bec="0" bev="0" fileid="4" />
                <SequencePoint vc="1" uspid="175" ordinal="17" offset="187" sl="47" sc="13" el="47" ec="64" bec="0" bev="0" fileid="4" />
                <SequencePoint vc="1" uspid="176" ordinal="18" offset="198" sl="48" sc="13" el="48" ec="34" bec="0" bev="0" fileid="4" />
                <SequencePoint vc="1" uspid="177" ordinal="19" offset="204" sl="52" sc="13" el="52" ec="53" bec="0" bev="0" fileid="4" />
                <SequencePoint vc="1" uspid="178" ordinal="20" offset="216" sl="53" sc="13" el="53" ec="82" bec="0" bev="0" fileid="4" />
                <SequencePoint vc="1" uspid="179" ordinal="21" offset="232" sl="54" sc="13" el="54" ec="169" bec="0" bev="0" fileid="4" />
                <SequencePoint vc="1" uspid="180" ordinal="22" offset="261" sl="55" sc="13" el="55" ec="76" bec="0" bev="0" fileid="4" />
                <SequencePoint vc="1" uspid="181" ordinal="23" offset="277" sl="56" sc="13" el="56" ec="83" bec="0" bev="0" fileid="4" />
                <SequencePoint vc="1" uspid="182" ordinal="24" offset="303" sl="57" sc="13" el="57" ec="65" bec="0" bev="0" fileid="4" />
                <SequencePoint vc="1" uspid="183" ordinal="25" offset="319" sl="58" sc="13" el="58" ec="77" bec="0" bev="0" fileid="4" />
                <SequencePoint vc="1" uspid="184" ordinal="26" offset="342" sl="59" sc="13" el="59" ec="51" bec="0" bev="0" fileid="4" />
                <SequencePoint vc="1" uspid="185" ordinal="27" offset="355" sl="60" sc="13" el="60" ec="67" bec="0" bev="0" fileid="4" />
                <SequencePoint vc="1" uspid="186" ordinal="28" offset="371" sl="64" sc="13" el="64" ec="53" bec="0" bev="0" fileid="4" />
                <SequencePoint vc="1" uspid="187" ordinal="29" offset="383" sl="65" sc="13" el="65" ec="82" bec="0" bev="0" fileid="4" />
                <SequencePoint vc="1" uspid="188" ordinal="30" offset="399" sl="66" sc="13" el="66" ec="169" bec="0" bev="0" fileid="4" />
                <SequencePoint vc="1" uspid="189" ordinal="31" offset="428" sl="67" sc="13" el="67" ec="76" bec="0" bev="0" fileid="4" />
                <SequencePoint vc="1" uspid="190" ordinal="32" offset="444" sl="68" sc="13" el="68" ec="83" bec="0" bev="0" fileid="4" />
                <SequencePoint vc="1" uspid="191" ordinal="33" offset="470" sl="69" sc="13" el="69" ec="65" bec="0" bev="0" fileid="4" />
                <SequencePoint vc="1" uspid="192" ordinal="34" offset="486" sl="70" sc="13" el="70" ec="77" bec="0" bev="0" fileid="4" />
                <SequencePoint vc="1" uspid="193" ordinal="35" offset="509" sl="71" sc="13" el="71" ec="51" bec="0" bev="0" fileid="4" />
                <SequencePoint vc="1" uspid="194" ordinal="36" offset="522" sl="72" sc="13" el="72" ec="65" bec="0" bev="0" fileid="4" />
                <SequencePoint vc="1" uspid="195" ordinal="37" offset="538" sl="76" sc="13" el="76" ec="53" bec="0" bev="0" fileid="4" />
                <SequencePoint vc="1" uspid="196" ordinal="38" offset="550" sl="77" sc="13" el="77" ec="82" bec="0" bev="0" fileid="4" />
                <SequencePoint vc="1" uspid="197" ordinal="39" offset="566" sl="78" sc="13" el="78" ec="169" bec="0" bev="0" fileid="4" />
                <SequencePoint vc="1" uspid="198" ordinal="40" offset="595" sl="79" sc="13" el="79" ec="76" bec="0" bev="0" fileid="4" />
                <SequencePoint vc="1" uspid="199" ordinal="41" offset="611" sl="80" sc="13" el="80" ec="83" bec="0" bev="0" fileid="4" />
                <SequencePoint vc="1" uspid="200" ordinal="42" offset="637" sl="81" sc="13" el="81" ec="65" bec="0" bev="0" fileid="4" />
                <SequencePoint vc="1" uspid="201" ordinal="43" offset="653" sl="82" sc="13" el="82" ec="77" bec="0" bev="0" fileid="4" />
                <SequencePoint vc="1" uspid="202" ordinal="44" offset="676" sl="83" sc="13" el="83" ec="51" bec="0" bev="0" fileid="4" />
                <SequencePoint vc="1" uspid="203" ordinal="45" offset="689" sl="84" sc="13" el="84" ec="70" bec="0" bev="0" fileid="4" />
                <SequencePoint vc="1" uspid="204" ordinal="46" offset="705" sl="88" sc="13" el="88" ec="53" bec="0" bev="0" fileid="4" />
                <SequencePoint vc="1" uspid="205" ordinal="47" offset="717" sl="89" sc="13" el="89" ec="82" bec="0" bev="0" fileid="4" />
                <SequencePoint vc="1" uspid="206" ordinal="48" offset="733" sl="90" sc="13" el="90" ec="169" bec="0" bev="0" fileid="4" />
                <SequencePoint vc="1" uspid="207" ordinal="49" offset="762" sl="91" sc="13" el="91" ec="76" bec="0" bev="0" fileid="4" />
                <SequencePoint vc="1" uspid="208" ordinal="50" offset="778" sl="92" sc="13" el="92" ec="83" bec="0" bev="0" fileid="4" />
                <SequencePoint vc="1" uspid="209" ordinal="51" offset="801" sl="93" sc="13" el="93" ec="65" bec="0" bev="0" fileid="4" />
                <SequencePoint vc="1" uspid="210" ordinal="52" offset="817" sl="94" sc="13" el="94" ec="77" bec="0" bev="0" fileid="4" />
                <SequencePoint vc="1" uspid="211" ordinal="53" offset="840" sl="95" sc="13" el="95" ec="51" bec="0" bev="0" fileid="4" />
                <SequencePoint vc="1" uspid="212" ordinal="54" offset="853" sl="96" sc="13" el="96" ec="68" bec="0" bev="0" fileid="4" />
                <SequencePoint vc="1" uspid="213" ordinal="55" offset="869" sl="100" sc="13" el="100" ec="53" bec="0" bev="0" fileid="4" />
                <SequencePoint vc="1" uspid="214" ordinal="56" offset="881" sl="101" sc="13" el="101" ec="82" bec="0" bev="0" fileid="4" />
                <SequencePoint vc="1" uspid="215" ordinal="57" offset="897" sl="102" sc="13" el="102" ec="169" bec="0" bev="0" fileid="4" />
                <SequencePoint vc="1" uspid="216" ordinal="58" offset="926" sl="103" sc="13" el="103" ec="76" bec="0" bev="0" fileid="4" />
                <SequencePoint vc="1" uspid="217" ordinal="59" offset="942" sl="104" sc="13" el="104" ec="82" bec="0" bev="0" fileid="4" />
                <SequencePoint vc="1" uspid="218" ordinal="60" offset="965" sl="105" sc="13" el="105" ec="65" bec="0" bev="0" fileid="4" />
                <SequencePoint vc="1" uspid="219" ordinal="61" offset="981" sl="106" sc="13" el="106" ec="77" bec="0" bev="0" fileid="4" />
                <SequencePoint vc="1" uspid="220" ordinal="62" offset="1004" sl="107" sc="13" el="107" ec="51" bec="0" bev="0" fileid="4" />
                <SequencePoint vc="1" uspid="221" ordinal="63" offset="1017" sl="108" sc="13" el="108" ec="66" bec="0" bev="0" fileid="4" />
                <SequencePoint vc="1" uspid="222" ordinal="64" offset="1033" sl="112" sc="13" el="112" ec="53" bec="0" bev="0" fileid="4" />
                <SequencePoint vc="1" uspid="223" ordinal="65" offset="1045" sl="113" sc="13" el="113" ec="82" bec="0" bev="0" fileid="4" />
                <SequencePoint vc="1" uspid="224" ordinal="66" offset="1061" sl="114" sc="13" el="114" ec="169" bec="0" bev="0" fileid="4" />
                <SequencePoint vc="1" uspid="225" ordinal="67" offset="1090" sl="115" sc="13" el="115" ec="76" bec="0" bev="0" fileid="4" />
                <SequencePoint vc="1" uspid="226" ordinal="68" offset="1106" sl="116" sc="13" el="116" ec="82" bec="0" bev="0" fileid="4" />
                <SequencePoint vc="1" uspid="227" ordinal="69" offset="1129" sl="117" sc="13" el="117" ec="65" bec="0" bev="0" fileid="4" />
                <SequencePoint vc="1" uspid="228" ordinal="70" offset="1145" sl="118" sc="13" el="118" ec="77" bec="0" bev="0" fileid="4" />
                <SequencePoint vc="1" uspid="229" ordinal="71" offset="1168" sl="119" sc="13" el="119" ec="51" bec="0" bev="0" fileid="4" />
                <SequencePoint vc="1" uspid="230" ordinal="72" offset="1181" sl="120" sc="13" el="120" ec="70" bec="0" bev="0" fileid="4" />
                <SequencePoint vc="1" uspid="231" ordinal="73" offset="1197" sl="124" sc="13" el="124" ec="53" bec="0" bev="0" fileid="4" />
                <SequencePoint vc="1" uspid="232" ordinal="74" offset="1209" sl="125" sc="13" el="125" ec="82" bec="0" bev="0" fileid="4" />
                <SequencePoint vc="1" uspid="233" ordinal="75" offset="1225" sl="126" sc="13" el="126" ec="169" bec="0" bev="0" fileid="4" />
                <SequencePoint vc="1" uspid="234" ordinal="76" offset="1254" sl="127" sc="13" el="127" ec="76" bec="0" bev="0" fileid="4" />
                <SequencePoint vc="1" uspid="235" ordinal="77" offset="1270" sl="128" sc="13" el="128" ec="82" bec="0" bev="0" fileid="4" />
                <SequencePoint vc="1" uspid="236" ordinal="78" offset="1293" sl="129" sc="13" el="129" ec="65" bec="0" bev="0" fileid="4" />
                <SequencePoint vc="1" uspid="237" ordinal="79" offset="1309" sl="130" sc="13" el="130" ec="77" bec="0" bev="0" fileid="4" />
                <SequencePoint vc="1" uspid="238" ordinal="80" offset="1332" sl="131" sc="13" el="131" ec="51" bec="0" bev="0" fileid="4" />
                <SequencePoint vc="1" uspid="239" ordinal="81" offset="1345" sl="132" sc="13" el="132" ec="76" bec="0" bev="0" fileid="4" />
                <SequencePoint vc="1" uspid="240" ordinal="82" offset="1361" sl="136" sc="13" el="136" ec="53" bec="0" bev="0" fileid="4" />
                <SequencePoint vc="1" uspid="241" ordinal="83" offset="1373" sl="137" sc="13" el="137" ec="82" bec="0" bev="0" fileid="4" />
                <SequencePoint vc="1" uspid="242" ordinal="84" offset="1389" sl="138" sc="13" el="138" ec="169" bec="0" bev="0" fileid="4" />
                <SequencePoint vc="1" uspid="243" ordinal="85" offset="1418" sl="139" sc="13" el="139" ec="76" bec="0" bev="0" fileid="4" />
                <SequencePoint vc="1" uspid="244" ordinal="86" offset="1434" sl="140" sc="13" el="140" ec="82" bec="0" bev="0" fileid="4" />
                <SequencePoint vc="1" uspid="245" ordinal="87" offset="1454" sl="141" sc="13" el="141" ec="65" bec="0" bev="0" fileid="4" />
                <SequencePoint vc="1" uspid="246" ordinal="88" offset="1470" sl="142" sc="13" el="142" ec="77" bec="0" bev="0" fileid="4" />
                <SequencePoint vc="1" uspid="247" ordinal="89" offset="1493" sl="143" sc="13" el="143" ec="51" bec="0" bev="0" fileid="4" />
                <SequencePoint vc="1" uspid="248" ordinal="90" offset="1506" sl="144" sc="13" el="144" ec="67" bec="0" bev="0" fileid="4" />
                <SequencePoint vc="1" uspid="249" ordinal="91" offset="1522" sl="148" sc="13" el="148" ec="77" bec="0" bev="0" fileid="4" />
                <SequencePoint vc="1" uspid="250" ordinal="92" offset="1538" sl="149" sc="13" el="149" ec="101" bec="0" bev="0" fileid="4" />
                <SequencePoint vc="1" uspid="251" ordinal="93" offset="1550" sl="150" sc="13" el="150" ec="79" bec="0" bev="0" fileid="4" />
                <SequencePoint vc="1" uspid="252" ordinal="94" offset="1566" sl="151" sc="13" el="151" ec="52" bec="0" bev="0" fileid="4" />
                <SequencePoint vc="1" uspid="253" ordinal="95" offset="1578" sl="152" sc="13" el="152" ec="84" bec="0" bev="0" fileid="4" />
                <SequencePoint vc="1" uspid="254" ordinal="96" offset="1590" sl="153" sc="13" el="153" ec="80" bec="0" bev="0" fileid="4" />
                <SequencePoint vc="1" uspid="255" ordinal="97" offset="1606" sl="154" sc="13" el="154" ec="78" bec="0" bev="0" fileid="4" />
                <SequencePoint vc="1" uspid="256" ordinal="98" offset="1622" sl="155" sc="13" el="155" ec="81" bec="0" bev="0" fileid="4" />
                <SequencePoint vc="1" uspid="257" ordinal="99" offset="1638" sl="156" sc="13" el="156" ec="153" bec="0" bev="0" fileid="4" />
                <SequencePoint vc="1" uspid="258" ordinal="100" offset="1665" sl="157" sc="13" el="157" ec="85" bec="0" bev="0" fileid="4" />
                <SequencePoint vc="1" uspid="259" ordinal="101" offset="1681" sl="158" sc="13" el="158" ec="82" bec="0" bev="0" fileid="4" />
                <SequencePoint vc="1" uspid="260" ordinal="102" offset="1707" sl="159" sc="13" el="159" ec="81" bec="0" bev="0" fileid="4" />
                <SequencePoint vc="1" uspid="261" ordinal="103" offset="1724" sl="160" sc="13" el="160" ec="63" bec="0" bev="0" fileid="4" />
                <SequencePoint vc="1" uspid="262" ordinal="104" offset="1740" sl="161" sc="13" el="161" ec="54" bec="0" bev="0" fileid="4" />
                <SequencePoint vc="1" uspid="263" ordinal="105" offset="1752" sl="162" sc="13" el="162" ec="76" bec="0" bev="0" fileid="4" />
                <SequencePoint vc="1" uspid="264" ordinal="106" offset="1775" sl="163" sc="13" el="163" ec="50" bec="0" bev="0" fileid="4" />
                <SequencePoint vc="1" uspid="265" ordinal="107" offset="1788" sl="164" sc="13" el="164" ec="59" bec="0" bev="0" fileid="4" />
                <SequencePoint vc="1" uspid="266" ordinal="108" offset="1804" sl="165" sc="13" el="165" ec="68" bec="0" bev="0" fileid="4" />
                <SequencePoint vc="1" uspid="267" ordinal="109" offset="1816" sl="169" sc="13" el="169" ec="62" bec="0" bev="0" fileid="4" />
                <SequencePoint vc="1" uspid="268" ordinal="110" offset="1832" sl="170" sc="13" el="170" ec="86" bec="0" bev="0" fileid="4" />
                <SequencePoint vc="1" uspid="269" ordinal="111" offset="1844" sl="171" sc="13" el="171" ec="64" bec="0" bev="0" fileid="4" />
                <SequencePoint vc="1" uspid="270" ordinal="112" offset="1860" sl="172" sc="13" el="172" ec="69" bec="0" bev="0" fileid="4" />
                <SequencePoint vc="1" uspid="271" ordinal="113" offset="1872" sl="173" sc="13" el="173" ec="60" bec="0" bev="0" fileid="4" />
                <SequencePoint vc="1" uspid="272" ordinal="114" offset="1888" sl="174" sc="13" el="174" ec="63" bec="0" bev="0" fileid="4" />
                <SequencePoint vc="1" uspid="273" ordinal="115" offset="1904" sl="175" sc="13" el="175" ec="66" bec="0" bev="0" fileid="4" />
                <SequencePoint vc="1" uspid="274" ordinal="116" offset="1920" sl="176" sc="13" el="176" ec="138" bec="0" bev="0" fileid="4" />
                <SequencePoint vc="1" uspid="275" ordinal="117" offset="1947" sl="177" sc="13" el="177" ec="70" bec="0" bev="0" fileid="4" />
                <SequencePoint vc="1" uspid="276" ordinal="118" offset="1963" sl="178" sc="13" el="178" ec="67" bec="0" bev="0" fileid="4" />
                <SequencePoint vc="1" uspid="277" ordinal="119" offset="1989" sl="179" sc="13" el="179" ec="66" bec="0" bev="0" fileid="4" />
                <SequencePoint vc="1" uspid="278" ordinal="120" offset="2006" sl="180" sc="13" el="180" ec="33" bec="0" bev="0" fileid="4" />
                <SequencePoint vc="1" uspid="279" ordinal="121" offset="2022" sl="181" sc="13" el="181" ec="39" bec="0" bev="0" fileid="4" />
                <SequencePoint vc="1" uspid="280" ordinal="122" offset="2034" sl="182" sc="13" el="182" ec="61" bec="0" bev="0" fileid="4" />
                <SequencePoint vc="1" uspid="281" ordinal="123" offset="2057" sl="183" sc="13" el="183" ec="35" bec="0" bev="0" fileid="4" />
                <SequencePoint vc="1" uspid="282" ordinal="124" offset="2070" sl="184" sc="13" el="184" ec="37" bec="0" bev="0" fileid="4" />
                <SequencePoint vc="1" uspid="283" ordinal="125" offset="2086" sl="185" sc="13" el="185" ec="53" bec="0" bev="0" fileid="4" />
                <SequencePoint vc="1" uspid="284" ordinal="126" offset="2098" sl="186" sc="13" el="186" ec="69" bec="0" bev="0" fileid="4" />
                <SequencePoint vc="1" uspid="285" ordinal="127" offset="2121" sl="190" sc="13" el="190" ec="62" bec="0" bev="0" fileid="4" />
                <SequencePoint vc="1" uspid="286" ordinal="128" offset="2137" sl="191" sc="13" el="191" ec="86" bec="0" bev="0" fileid="4" />
                <SequencePoint vc="1" uspid="287" ordinal="129" offset="2149" sl="192" sc="13" el="192" ec="64" bec="0" bev="0" fileid="4" />
                <SequencePoint vc="1" uspid="288" ordinal="130" offset="2165" sl="193" sc="13" el="193" ec="69" bec="0" bev="0" fileid="4" />
                <SequencePoint vc="1" uspid="289" ordinal="131" offset="2177" sl="194" sc="13" el="194" ec="60" bec="0" bev="0" fileid="4" />
                <SequencePoint vc="1" uspid="290" ordinal="132" offset="2193" sl="195" sc="13" el="195" ec="63" bec="0" bev="0" fileid="4" />
                <SequencePoint vc="1" uspid="291" ordinal="133" offset="2209" sl="196" sc="13" el="196" ec="66" bec="0" bev="0" fileid="4" />
                <SequencePoint vc="1" uspid="292" ordinal="134" offset="2225" sl="197" sc="13" el="197" ec="138" bec="0" bev="0" fileid="4" />
                <SequencePoint vc="1" uspid="293" ordinal="135" offset="2252" sl="198" sc="13" el="198" ec="70" bec="0" bev="0" fileid="4" />
                <SequencePoint vc="1" uspid="294" ordinal="136" offset="2268" sl="199" sc="13" el="199" ec="67" bec="0" bev="0" fileid="4" />
                <SequencePoint vc="1" uspid="295" ordinal="137" offset="2294" sl="200" sc="13" el="200" ec="66" bec="0" bev="0" fileid="4" />
                <SequencePoint vc="1" uspid="296" ordinal="138" offset="2311" sl="201" sc="13" el="201" ec="33" bec="0" bev="0" fileid="4" />
                <SequencePoint vc="1" uspid="297" ordinal="139" offset="2327" sl="202" sc="13" el="202" ec="39" bec="0" bev="0" fileid="4" />
                <SequencePoint vc="1" uspid="298" ordinal="140" offset="2339" sl="203" sc="13" el="203" ec="61" bec="0" bev="0" fileid="4" />
                <SequencePoint vc="1" uspid="299" ordinal="141" offset="2362" sl="204" sc="13" el="204" ec="35" bec="0" bev="0" fileid="4" />
                <SequencePoint vc="1" uspid="300" ordinal="142" offset="2375" sl="205" sc="13" el="205" ec="40" bec="0" bev="0" fileid="4" />
                <SequencePoint vc="1" uspid="301" ordinal="143" offset="2391" sl="206" sc="13" el="206" ec="53" bec="0" bev="0" fileid="4" />
                <SequencePoint vc="1" uspid="302" ordinal="144" offset="2403" sl="207" sc="13" el="207" ec="69" bec="0" bev="0" fileid="4" />
                <SequencePoint vc="1" uspid="303" ordinal="145" offset="2426" sl="211" sc="13" el="211" ec="62" bec="0" bev="0" fileid="4" />
                <SequencePoint vc="1" uspid="304" ordinal="146" offset="2442" sl="212" sc="13" el="212" ec="86" bec="0" bev="0" fileid="4" />
                <SequencePoint vc="1" uspid="305" ordinal="147" offset="2454" sl="213" sc="13" el="213" ec="64" bec="0" bev="0" fileid="4" />
                <SequencePoint vc="1" uspid="306" ordinal="148" offset="2470" sl="214" sc="13" el="214" ec="69" bec="0" bev="0" fileid="4" />
                <SequencePoint vc="1" uspid="307" ordinal="149" offset="2482" sl="215" sc="13" el="215" ec="60" bec="0" bev="0" fileid="4" />
                <SequencePoint vc="1" uspid="308" ordinal="150" offset="2498" sl="216" sc="13" el="216" ec="63" bec="0" bev="0" fileid="4" />
                <SequencePoint vc="1" uspid="309" ordinal="151" offset="2514" sl="217" sc="13" el="217" ec="66" bec="0" bev="0" fileid="4" />
                <SequencePoint vc="1" uspid="310" ordinal="152" offset="2530" sl="218" sc="13" el="218" ec="138" bec="0" bev="0" fileid="4" />
                <SequencePoint vc="1" uspid="311" ordinal="153" offset="2557" sl="219" sc="13" el="219" ec="70" bec="0" bev="0" fileid="4" />
                <SequencePoint vc="1" uspid="312" ordinal="154" offset="2573" sl="220" sc="13" el="220" ec="66" bec="0" bev="0" fileid="4" />
                <SequencePoint vc="1" uspid="313" ordinal="155" offset="2596" sl="221" sc="13" el="221" ec="66" bec="0" bev="0" fileid="4" />
                <SequencePoint vc="1" uspid="314" ordinal="156" offset="2613" sl="222" sc="13" el="222" ec="33" bec="0" bev="0" fileid="4" />
                <SequencePoint vc="1" uspid="315" ordinal="157" offset="2629" sl="223" sc="13" el="223" ec="39" bec="0" bev="0" fileid="4" />
                <SequencePoint vc="1" uspid="316" ordinal="158" offset="2641" sl="224" sc="13" el="224" ec="61" bec="0" bev="0" fileid="4" />
                <SequencePoint vc="1" uspid="317" ordinal="159" offset="2664" sl="225" sc="13" el="225" ec="35" bec="0" bev="0" fileid="4" />
                <SequencePoint vc="1" uspid="318" ordinal="160" offset="2677" sl="226" sc="13" el="226" ec="39" bec="0" bev="0" fileid="4" />
                <SequencePoint vc="1" uspid="319" ordinal="161" offset="2693" sl="227" sc="13" el="227" ec="53" bec="0" bev="0" fileid="4" />
                <SequencePoint vc="1" uspid="320" ordinal="162" offset="2705" sl="228" sc="13" el="228" ec="69" bec="0" bev="0" fileid="4" />
                <SequencePoint vc="1" uspid="321" ordinal="163" offset="2728" sl="232" sc="13" el="232" ec="62" bec="0" bev="0" fileid="4" />
                <SequencePoint vc="1" uspid="322" ordinal="164" offset="2744" sl="233" sc="13" el="233" ec="86" bec="0" bev="0" fileid="4" />
                <SequencePoint vc="1" uspid="323" ordinal="165" offset="2756" sl="234" sc="13" el="234" ec="64" bec="0" bev="0" fileid="4" />
                <SequencePoint vc="1" uspid="324" ordinal="166" offset="2772" sl="235" sc="13" el="235" ec="69" bec="0" bev="0" fileid="4" />
                <SequencePoint vc="1" uspid="325" ordinal="167" offset="2784" sl="236" sc="13" el="236" ec="60" bec="0" bev="0" fileid="4" />
                <SequencePoint vc="1" uspid="326" ordinal="168" offset="2800" sl="237" sc="13" el="237" ec="63" bec="0" bev="0" fileid="4" />
                <SequencePoint vc="1" uspid="327" ordinal="169" offset="2816" sl="238" sc="13" el="238" ec="66" bec="0" bev="0" fileid="4" />
                <SequencePoint vc="1" uspid="328" ordinal="170" offset="2832" sl="239" sc="13" el="239" ec="138" bec="0" bev="0" fileid="4" />
                <SequencePoint vc="1" uspid="329" ordinal="171" offset="2859" sl="240" sc="13" el="240" ec="70" bec="0" bev="0" fileid="4" />
                <SequencePoint vc="1" uspid="330" ordinal="172" offset="2875" sl="241" sc="13" el="241" ec="66" bec="0" bev="0" fileid="4" />
                <SequencePoint vc="1" uspid="331" ordinal="173" offset="2898" sl="242" sc="13" el="242" ec="66" bec="0" bev="0" fileid="4" />
                <SequencePoint vc="1" uspid="332" ordinal="174" offset="2915" sl="243" sc="13" el="243" ec="33" bec="0" bev="0" fileid="4" />
                <SequencePoint vc="1" uspid="333" ordinal="175" offset="2931" sl="244" sc="13" el="244" ec="39" bec="0" bev="0" fileid="4" />
                <SequencePoint vc="1" uspid="334" ordinal="176" offset="2943" sl="245" sc="13" el="245" ec="61" bec="0" bev="0" fileid="4" />
                <SequencePoint vc="1" uspid="335" ordinal="177" offset="2966" sl="246" sc="13" el="246" ec="35" bec="0" bev="0" fileid="4" />
                <SequencePoint vc="1" uspid="336" ordinal="178" offset="2979" sl="247" sc="13" el="247" ec="41" bec="0" bev="0" fileid="4" />
                <SequencePoint vc="1" uspid="337" ordinal="179" offset="2995" sl="248" sc="13" el="248" ec="53" bec="0" bev="0" fileid="4" />
                <SequencePoint vc="1" uspid="338" ordinal="180" offset="3007" sl="249" sc="13" el="249" ec="69" bec="0" bev="0" fileid="4" />
                <SequencePoint vc="1" uspid="339" ordinal="181" offset="3030" sl="253" sc="13" el="253" ec="62" bec="0" bev="0" fileid="4" />
                <SequencePoint vc="1" uspid="340" ordinal="182" offset="3046" sl="254" sc="13" el="254" ec="86" bec="0" bev="0" fileid="4" />
                <SequencePoint vc="1" uspid="341" ordinal="183" offset="3058" sl="255" sc="13" el="255" ec="64" bec="0" bev="0" fileid="4" />
                <SequencePoint vc="1" uspid="342" ordinal="184" offset="3074" sl="256" sc="13" el="256" ec="69" bec="0" bev="0" fileid="4" />
                <SequencePoint vc="1" uspid="343" ordinal="185" offset="3086" sl="257" sc="13" el="257" ec="60" bec="0" bev="0" fileid="4" />
                <SequencePoint vc="1" uspid="344" ordinal="186" offset="3102" sl="258" sc="13" el="258" ec="63" bec="0" bev="0" fileid="4" />
                <SequencePoint vc="1" uspid="345" ordinal="187" offset="3118" sl="259" sc="13" el="259" ec="66" bec="0" bev="0" fileid="4" />
                <SequencePoint vc="1" uspid="346" ordinal="188" offset="3134" sl="260" sc="13" el="260" ec="138" bec="0" bev="0" fileid="4" />
                <SequencePoint vc="1" uspid="347" ordinal="189" offset="3161" sl="261" sc="13" el="261" ec="70" bec="0" bev="0" fileid="4" />
                <SequencePoint vc="1" uspid="348" ordinal="190" offset="3177" sl="262" sc="13" el="262" ec="66" bec="0" bev="0" fileid="4" />
                <SequencePoint vc="1" uspid="349" ordinal="191" offset="3200" sl="263" sc="13" el="263" ec="66" bec="0" bev="0" fileid="4" />
                <SequencePoint vc="1" uspid="350" ordinal="192" offset="3217" sl="264" sc="13" el="264" ec="33" bec="0" bev="0" fileid="4" />
                <SequencePoint vc="1" uspid="351" ordinal="193" offset="3233" sl="265" sc="13" el="265" ec="39" bec="0" bev="0" fileid="4" />
                <SequencePoint vc="1" uspid="352" ordinal="194" offset="3245" sl="266" sc="13" el="266" ec="61" bec="0" bev="0" fileid="4" />
                <SequencePoint vc="1" uspid="353" ordinal="195" offset="3268" sl="267" sc="13" el="267" ec="35" bec="0" bev="0" fileid="4" />
                <SequencePoint vc="1" uspid="354" ordinal="196" offset="3281" sl="268" sc="13" el="268" ec="37" bec="0" bev="0" fileid="4" />
                <SequencePoint vc="1" uspid="355" ordinal="197" offset="3297" sl="269" sc="13" el="269" ec="53" bec="0" bev="0" fileid="4" />
                <SequencePoint vc="1" uspid="356" ordinal="198" offset="3309" sl="270" sc="13" el="270" ec="69" bec="0" bev="0" fileid="4" />
                <SequencePoint vc="1" uspid="357" ordinal="199" offset="3332" sl="274" sc="13" el="274" ec="62" bec="0" bev="0" fileid="4" />
                <SequencePoint vc="1" uspid="358" ordinal="200" offset="3348" sl="275" sc="13" el="275" ec="86" bec="0" bev="0" fileid="4" />
                <SequencePoint vc="1" uspid="359" ordinal="201" offset="3360" sl="276" sc="13" el="276" ec="64" bec="0" bev="0" fileid="4" />
                <SequencePoint vc="1" uspid="360" ordinal="202" offset="3376" sl="277" sc="13" el="277" ec="69" bec="0" bev="0" fileid="4" />
                <SequencePoint vc="1" uspid="361" ordinal="203" offset="3388" sl="278" sc="13" el="278" ec="60" bec="0" bev="0" fileid="4" />
                <SequencePoint vc="1" uspid="362" ordinal="204" offset="3404" sl="279" sc="13" el="279" ec="63" bec="0" bev="0" fileid="4" />
                <SequencePoint vc="1" uspid="363" ordinal="205" offset="3420" sl="280" sc="13" el="280" ec="66" bec="0" bev="0" fileid="4" />
                <SequencePoint vc="1" uspid="364" ordinal="206" offset="3436" sl="281" sc="13" el="281" ec="138" bec="0" bev="0" fileid="4" />
                <SequencePoint vc="1" uspid="365" ordinal="207" offset="3463" sl="282" sc="13" el="282" ec="70" bec="0" bev="0" fileid="4" />
                <SequencePoint vc="1" uspid="366" ordinal="208" offset="3479" sl="283" sc="13" el="283" ec="66" bec="0" bev="0" fileid="4" />
                <SequencePoint vc="1" uspid="367" ordinal="209" offset="3502" sl="284" sc="13" el="284" ec="66" bec="0" bev="0" fileid="4" />
                <SequencePoint vc="1" uspid="368" ordinal="210" offset="3519" sl="285" sc="13" el="285" ec="33" bec="0" bev="0" fileid="4" />
                <SequencePoint vc="1" uspid="369" ordinal="211" offset="3535" sl="286" sc="13" el="286" ec="39" bec="0" bev="0" fileid="4" />
                <SequencePoint vc="1" uspid="370" ordinal="212" offset="3547" sl="287" sc="13" el="287" ec="61" bec="0" bev="0" fileid="4" />
                <SequencePoint vc="1" uspid="371" ordinal="213" offset="3570" sl="288" sc="13" el="288" ec="35" bec="0" bev="0" fileid="4" />
                <SequencePoint vc="1" uspid="372" ordinal="214" offset="3583" sl="289" sc="13" el="289" ec="37" bec="0" bev="0" fileid="4" />
                <SequencePoint vc="1" uspid="373" ordinal="215" offset="3599" sl="290" sc="13" el="290" ec="53" bec="0" bev="0" fileid="4" />
                <SequencePoint vc="1" uspid="374" ordinal="216" offset="3611" sl="291" sc="13" el="291" ec="69" bec="0" bev="0" fileid="4" />
                <SequencePoint vc="1" uspid="375" ordinal="217" offset="3634" sl="295" sc="13" el="295" ec="62" bec="0" bev="0" fileid="4" />
                <SequencePoint vc="1" uspid="376" ordinal="218" offset="3650" sl="296" sc="13" el="296" ec="86" bec="0" bev="0" fileid="4" />
                <SequencePoint vc="1" uspid="377" ordinal="219" offset="3662" sl="297" sc="13" el="297" ec="64" bec="0" bev="0" fileid="4" />
                <SequencePoint vc="1" uspid="378" ordinal="220" offset="3678" sl="298" sc="13" el="298" ec="69" bec="0" bev="0" fileid="4" />
                <SequencePoint vc="1" uspid="379" ordinal="221" offset="3690" sl="299" sc="13" el="299" ec="60" bec="0" bev="0" fileid="4" />
                <SequencePoint vc="1" uspid="380" ordinal="222" offset="3706" sl="300" sc="13" el="300" ec="63" bec="0" bev="0" fileid="4" />
                <SequencePoint vc="1" uspid="381" ordinal="223" offset="3722" sl="301" sc="13" el="301" ec="66" bec="0" bev="0" fileid="4" />
                <SequencePoint vc="1" uspid="382" ordinal="224" offset="3738" sl="302" sc="13" el="302" ec="138" bec="0" bev="0" fileid="4" />
                <SequencePoint vc="1" uspid="383" ordinal="225" offset="3765" sl="303" sc="13" el="303" ec="70" bec="0" bev="0" fileid="4" />
[...]
                <SequencePoint vc="1" uspid="3083" ordinal="5" offset="41" sl="183" sc="17" el="183" ec="51" bec="0" bev="0" fileid="41" />
                <SequencePoint vc="1" uspid="3084" ordinal="6" offset="48" sl="184" sc="17" el="184" ec="40" bec="0" bev="0" fileid="41" />
                <SequencePoint vc="1" uspid="3085" ordinal="7" offset="56" sl="185" sc="17" el="185" ec="34" bec="0" bev="0" fileid="41" />
                <SequencePoint vc="0" uspid="3086" ordinal="8" offset="81" sl="189" sc="9" el="189" ec="70" bec="0" bev="0" fileid="41" />
                <SequencePoint vc="1" uspid="3087" ordinal="9" offset="89" sl="190" sc="5" el="190" ec="6" bec="0" bev="0" fileid="41" />
              </SequencePoints>
              <BranchPoints>
                <BranchPoint vc="1" uspid="3088" ordinal="0" offset="17" sl="177" path="0" offsetend="19" fileid="41" />
                <BranchPoint vc="0" uspid="3089" ordinal="1" offset="17" sl="177" path="1" offsetend="81" fileid="41" />
              </BranchPoints>
              <MethodPoint xsi:type="SequencePoint" vc="1" uspid="3078" ordinal="0" offset="0" sl="175" sc="9" el="175" ec="65" bec="0" bev="0" fileid="41" />
            </Method>
            <Method visited="true" cyclomaticComplexity="2" nPathComplexity="2" sequenceCoverage="100" branchCoverage="100" isConstructor="false" isStatic="true" isGetter="false" isSetter="false">
              <Summary numSequencePoints="3" visitedSequencePoints="3" numBranchPoints="3" visitedBranchPoints="3" sequenceCoverage="100" branchCoverage="100" maxCyclomaticComplexity="2" minCyclomaticComplexity="2" visitedClasses="0" numClasses="0" visitedMethods="1" numMethods="1" />
              <MetadataToken>100663489</MetadataToken>
              <Name>System.IO.Stream Costura.AssemblyLoader::LoadStream(System.Collections.Generic.Dictionary`2&lt;System.String,System.String&gt;,System.String)</Name>
              <FileRef uid="41" />
              <SequencePoints>
                <SequencePoint vc="4" uspid="3090" ordinal="0" offset="0" sl="165" sc="9" el="165" ec="60" bec="2" bev="2" fileid="41" />
                <SequencePoint vc="1" uspid="3091" ordinal="1" offset="11" sl="167" sc="13" el="167" ec="38" bec="0" bev="0" fileid="41" />
                <SequencePoint vc="3" uspid="3092" ordinal="2" offset="18" sl="170" sc="9" el="170" ec="21" bec="0" bev="0" fileid="41" />
              </SequencePoints>
              <BranchPoints>
                <BranchPoint vc="1" uspid="3093" ordinal="0" offset="9" sl="165" path="0" offsetend="11" fileid="41" />
                <BranchPoint vc="3" uspid="3094" ordinal="1" offset="9" sl="165" path="1" offsetend="18" fileid="41" />
              </BranchPoints>
              <MethodPoint xsi:type="SequencePoint" vc="4" uspid="3090" ordinal="0" offset="0" sl="165" sc="9" el="165" ec="60" bec="2" bev="2" fileid="41" />
            </Method>
            <Method visited="true" cyclomaticComplexity="1" nPathComplexity="0" sequenceCoverage="100" branchCoverage="100" isConstructor="false" isStatic="true" isGetter="false" isSetter="false">
              <Summary numSequencePoints="3" visitedSequencePoints="3" numBranchPoints="1" visitedBranchPoints="1" sequenceCoverage="100" branchCoverage="100" maxCyclomaticComplexity="1" minCyclomaticComplexity="1" visitedClasses="0" numClasses="0" visitedMethods="1" numMethods="1" />
              <MetadataToken>100663490</MetadataToken>
              <Name>System.Byte[] Costura.AssemblyLoader::ReadStream(System.IO.Stream)</Name>
              <FileRef uid="41" />
              <SequencePoints>
                <SequencePoint vc="1" uspid="3095" ordinal="0" offset="0" sl="50" sc="9" el="50" ec="44" bec="0" bev="0" fileid="41" />
                <SequencePoint vc="1" uspid="3096" ordinal="1" offset="13" sl="51" sc="9" el="51" ec="43" bec="0" bev="0" fileid="41" />
                <SequencePoint vc="1" uspid="3097" ordinal="2" offset="25" sl="52" sc="9" el="52" ec="21" bec="0" bev="0" fileid="41" />
              </SequencePoints>
              <BranchPoints />
              <MethodPoint xsi:type="SequencePoint" vc="1" uspid="3095" ordinal="0" offset="0" sl="50" sc="9" el="50" ec="44" bec="0" bev="0" fileid="41" />
            </Method>
            <Method visited="true" cyclomaticComplexity="7" nPathComplexity="16" sequenceCoverage="86.67" branchCoverage="77.78" isConstructor="false" isStatic="true" isGetter="false" isSetter="false">
              <Summary numSequencePoints="15" visitedSequencePoints="13" numBranchPoints="9" visitedBranchPoints="7" sequenceCoverage="86.67" branchCoverage="77.78" maxCyclomaticComplexity="7" minCyclomaticComplexity="7" visitedClasses="0" numClasses="0" visitedMethods="1" numMethods="1" />
              <MetadataToken>100663491</MetadataToken>
              <Name>System.Reflection.Assembly Costura.AssemblyLoader::ReadFromEmbeddedResources(System.Collections.Generic.Dictionary`2&lt;System.String,System.String&gt;,System.Collections.Generic.Dictionary`2&lt;System.String,System.String&gt;,System.Reflection.AssemblyName)</Name>
              <FileRef uid="41" />
              <SequencePoints>
                <SequencePoint vc="3" uspid="3098" ordinal="0" offset="0" sl="134" sc="9" el="134" ec="66" bec="0" bev="0" fileid="41" />
                <SequencePoint vc="3" uspid="3099" ordinal="1" offset="12" sl="136" sc="9" el="136" ec="120" bec="3" bev="3" fileid="41" />
                <SequencePoint vc="2" uspid="3100" ordinal="2" offset="38" sl="138" sc="13" el="138" ec="71" bec="0" bev="0" fileid="41" />
                <SequencePoint vc="3" uspid="3101" ordinal="3" offset="61" sl="142" sc="16" el="142" ec="68" bec="0" bev="0" fileid="41" />
                <SequencePoint vc="3" uspid="3102" ordinal="4" offset="69" sl="144" sc="13" el="144" ec="40" bec="2" bev="2" fileid="41" />
                <SequencePoint vc="2" uspid="3103" ordinal="5" offset="72" sl="146" sc="17" el="146" ec="29" bec="0" bev="0" fileid="41" />
                <SequencePoint vc="1" uspid="3104" ordinal="6" offset="76" sl="148" sc="13" el="148" ec="55" bec="0" bev="0" fileid="41" />
                <SequencePoint vc="1" uspid="3105" ordinal="7" offset="83" sl="149" sc="9" el="149" ec="10" bec="0" bev="0" fileid="41" />
                <SequencePoint vc="1" uspid="3106" ordinal="8" offset="95" sl="151" sc="16" el="151" ec="61" bec="0" bev="0" fileid="41" />
                <SequencePoint vc="1" uspid="3107" ordinal="9" offset="104" sl="153" sc="13" el="153" ec="35" bec="2" bev="1" fileid="41" />
                <SequencePoint vc="0" uspid="3108" ordinal="10" offset="108" sl="155" sc="17" el="155" ec="53" bec="0" bev="0" fileid="41" />
                <SequencePoint vc="0" uspid="3109" ordinal="11" offset="117" sl="156" sc="17" el="156" ec="61" bec="0" bev="0" fileid="41" />
                <SequencePoint vc="1" uspid="3110" ordinal="12" offset="128" sl="158" sc="9" el="158" ec="10" bec="0" bev="0" fileid="41" />
                <SequencePoint vc="1" uspid="3111" ordinal="13" offset="142" sl="160" sc="9" el="160" ec="44" bec="0" bev="0" fileid="41" />
                <SequencePoint vc="2" uspid="3112" ordinal="14" offset="149" sl="161" sc="5" el="161" ec="6" bec="0" bev="0" fileid="41" />
              </SequencePoints>
              <BranchPoints>
                <BranchPoint vc="3" uspid="3113" ordinal="0" offset="18" sl="136" path="0" offsetend="20" fileid="41" />
                <BranchPoint vc="0" uspid="3114" ordinal="1" offset="18" sl="136" path="1" offsetend="61" fileid="41" />
                <BranchPoint vc="2" uspid="3115" ordinal="2" offset="36" sl="136" path="0" offsetend="38" fileid="41" />
                <BranchPoint vc="1" uspid="3116" ordinal="3" offset="36" sl="136" path="1" offsetend="61" fileid="41" />
                <BranchPoint vc="2" uspid="3117" ordinal="4" offset="70" sl="144" path="0" offsetend="72" fileid="41" />
                <BranchPoint vc="1" uspid="3118" ordinal="5" offset="70" sl="144" path="1" offsetend="76" fileid="41" />
                <BranchPoint vc="0" uspid="3119" ordinal="6" offset="106" sl="153" path="0" offsetend="108" fileid="41" />
                <BranchPoint vc="1" uspid="3120" ordinal="7" offset="106" sl="153" path="1" offsetend="128" fileid="41" />
              </BranchPoints>
              <MethodPoint xsi:type="SequencePoint" vc="3" uspid="3098" ordinal="0" offset="0" sl="134" sc="9" el="134" ec="66" bec="0" bev="0" fileid="41" />
            </Method>
            <Method visited="true" cyclomaticComplexity="7" nPathComplexity="16" sequenceCoverage="88.24" branchCoverage="77.78" isConstructor="false" isStatic="true" isGetter="false" isSetter="false">
              <Summary numSequencePoints="17" visitedSequencePoints="15" numBranchPoints="9" visitedBranchPoints="7" sequenceCoverage="88.24" branchCoverage="77.78" maxCyclomaticComplexity="7" minCyclomaticComplexity="7" visitedClasses="0" numClasses="0" visitedMethods="1" numMethods="1" />
              <MetadataToken>100663492</MetadataToken>
              <Name>System.Reflection.Assembly Costura.AssemblyLoader::ResolveAssembly(System.Object,System.ResolveEventArgs)</Name>
              <FileRef uid="42" />
              <SequencePoints>
                <SequencePoint vc="5" uspid="3121" ordinal="0" offset="0" sl="29" sc="9" el="29" ec="29" bec="0" bev="0" fileid="42" />
                <SequencePoint vc="5" uspid="3122" ordinal="1" offset="16" sl="31" sc="13" el="31" ec="47" bec="2" bev="2" fileid="42" />
                <SequencePoint vc="2" uspid="3123" ordinal="2" offset="34" sl="33" sc="17" el="33" ec="29" bec="0" bev="0" fileid="42" />
                <SequencePoint vc="3" uspid="3124" ordinal="3" offset="42" sl="35" sc="9" el="35" ec="10" bec="0" bev="0" fileid="42" />
                <SequencePoint vc="3" uspid="3125" ordinal="4" offset="54" sl="37" sc="9" el="37" ec="62" bec="0" bev="0" fileid="42" />
                <SequencePoint vc="3" uspid="3126" ordinal="5" offset="66" sl="39" sc="9" el="39" ec="75" bec="0" bev="0" fileid="42" />
                <SequencePoint vc="3" uspid="3127" ordinal="6" offset="73" sl="40" sc="9" el="40" ec="30" bec="2" bev="1" fileid="42" />
                <SequencePoint vc="0" uspid="3128" ordinal="7" offset="82" sl="42" sc="13" el="42" ec="29" bec="0" bev="0" fileid="42" />
                <SequencePoint vc="3" uspid="3129" ordinal="8" offset="84" sl="47" sc="9" el="47" ec="104" bec="0" bev="0" fileid="42" />
                <SequencePoint vc="3" uspid="3130" ordinal="9" offset="101" sl="48" sc="9" el="48" ec="30" bec="2" bev="2" fileid="42" />
                <SequencePoint vc="2" uspid="3131" ordinal="10" offset="110" sl="50" sc="13" el="50" ec="33" bec="0" bev="0" fileid="42" />
                <SequencePoint vc="2" uspid="3132" ordinal="11" offset="126" sl="52" sc="17" el="52" ec="42" bec="0" bev="0" fileid="42" />
                <SequencePoint vc="2" uspid="3133" ordinal="12" offset="143" sl="53" sc="13" el="53" ec="14" bec="0" bev="0" fileid="42" />
                <SequencePoint vc="2" uspid="3134" ordinal="13" offset="155" sl="56" sc="13" el="56" ec="85" bec="2" bev="1" fileid="42" />
                <SequencePoint vc="0" uspid="3135" ordinal="14" offset="169" sl="58" sc="17" el="58" ec="65" bec="0" bev="0" fileid="42" />
                <SequencePoint vc="3" uspid="3136" ordinal="15" offset="176" sl="61" sc="9" el="61" ec="25" bec="0" bev="0" fileid="42" />
                <SequencePoint vc="2" uspid="3137" ordinal="16" offset="178" sl="62" sc="5" el="62" ec="6" bec="0" bev="0" fileid="42" />
              </SequencePoints>
              <BranchPoints>
                <BranchPoint vc="2" uspid="3138" ordinal="0" offset="32" sl="31" path="0" offsetend="34" fileid="42" />
                <BranchPoint vc="3" uspid="3139" ordinal="1" offset="32" sl="31" path="1" offsetend="42" fileid="42" />
                <BranchPoint vc="0" uspid="3140" ordinal="2" offset="80" sl="40" path="0" offsetend="82" fileid="42" />
                <BranchPoint vc="3" uspid="3141" ordinal="3" offset="80" sl="40" path="1" offsetend="84" fileid="42" />
                <BranchPoint vc="2" uspid="3142" ordinal="4" offset="108" sl="48" path="0" offsetend="110" fileid="42" />
                <BranchPoint vc="1" uspid="3143" ordinal="5" offset="108" sl="48" path="1" offsetend="176" fileid="42" />
                <BranchPoint vc="0" uspid="3144" ordinal="6" offset="167" sl="56" path="0" offsetend="169" fileid="42" />
                <BranchPoint vc="2" uspid="3145" ordinal="7" offset="167" sl="56" path="1" offsetend="176" fileid="42" />
              </BranchPoints>
              <MethodPoint xsi:type="SequencePoint" vc="5" uspid="3121" ordinal="0" offset="0" sl="29" sc="9" el="29" ec="29" bec="0" bev="0" fileid="42" />
            </Method>
            <Method visited="true" cyclomaticComplexity="1" nPathComplexity="0" sequenceCoverage="100" branchCoverage="100" isConstructor="true" isStatic="true" isGetter="false" isSetter="false">
              <Summary numSequencePoints="4" visitedSequencePoints="4" numBranchPoints="1" visitedBranchPoints="1" sequenceCoverage="100" branchCoverage="100" maxCyclomaticComplexity="1" minCyclomaticComplexity="1" visitedClasses="0" numClasses="0" visitedMethods="1" numMethods="1" />
              <MetadataToken>100663493</MetadataToken>
              <Name>System.Void Costura.AssemblyLoader::.cctor()</Name>
              <FileRef uid="42" />
              <SequencePoints>
                <SequencePoint vc="1" uspid="3146" ordinal="0" offset="0" sl="8" sc="5" el="8" ec="48" bec="0" bev="0" fileid="42" />
                <SequencePoint vc="1" uspid="3147" ordinal="1" offset="10" sl="9" sc="5" el="9" ec="80" bec="0" bev="0" fileid="42" />
                <SequencePoint vc="1" uspid="3148" ordinal="2" offset="20" sl="11" sc="5" el="11" ec="88" bec="0" bev="0" fileid="42" />
                <SequencePoint vc="1" uspid="3149" ordinal="3" offset="30" sl="12" sc="5" el="12" ec="86" bec="0" bev="0" fileid="42" />
              </SequencePoints>
              <BranchPoints />
              <MethodPoint xsi:type="SequencePoint" vc="1" uspid="3146" ordinal="0" offset="0" sl="8" sc="5" el="8" ec="48" bec="0" bev="0" fileid="42" />
            </Method>
            <Method visited="true" cyclomaticComplexity="2" nPathComplexity="2" sequenceCoverage="80" branchCoverage="66.67" isConstructor="false" isStatic="true" isGetter="false" isSetter="false">
              <Summary numSequencePoints="5" visitedSequencePoints="4" numBranchPoints="3" visitedBranchPoints="2" sequenceCoverage="80" branchCoverage="66.67" maxCyclomaticComplexity="2" minCyclomaticComplexity="2" visitedClasses="0" numClasses="0" visitedMethods="1" numMethods="1" />
              <MetadataToken>100663494</MetadataToken>
              <Name>System.Void Costura.AssemblyLoader::Attach()</Name>
              <FileRef uid="42" />
              <SequencePoints>
                <SequencePoint vc="1" uspid="3150" ordinal="0" offset="0" sl="18" sc="9" el="18" ec="58" bec="2" bev="1" fileid="42" />
                <SequencePoint vc="0" uspid="3151" ordinal="1" offset="14" sl="20" sc="13" el="20" ec="20" bec="0" bev="0" fileid="42" />
                <SequencePoint vc="1" uspid="3152" ordinal="2" offset="15" sl="23" sc="9" el="23" ec="53" bec="0" bev="0" fileid="42" />
                <SequencePoint vc="1" uspid="3153" ordinal="3" offset="20" sl="24" sc="9" el="24" ec="58" bec="0" bev="0" fileid="42" />
                <SequencePoint vc="1" uspid="3154" ordinal="4" offset="37" sl="25" sc="5" el="25" ec="6" bec="0" bev="0" fileid="42" />
              </SequencePoints>
              <BranchPoints>
                <BranchPoint vc="0" uspid="3155" ordinal="0" offset="12" sl="18" path="0" offsetend="14" fileid="42" />
                <BranchPoint vc="1" uspid="3156" ordinal="1" offset="12" sl="18" path="1" offsetend="15" fileid="42" />
              </BranchPoints>
              <MethodPoint xsi:type="SequencePoint" vc="1" uspid="3150" ordinal="0" offset="0" sl="18" sc="9" el="18" ec="58" bec="2" bev="1" fileid="42" />
            </Method>
          </Methods>
        </Class>
        <Class>
          <Summary numSequencePoints="0" visitedSequencePoints="0" numBranchPoints="0" visitedBranchPoints="0" sequenceCoverage="0" branchCoverage="0" maxCyclomaticComplexity="0" minCyclomaticComplexity="0" visitedClasses="0" numClasses="0" visitedMethods="0" numMethods="0" />
          <FullName>ProcessedByFody</FullName>
          <Methods />
        </Class>
      </Classes>
    </Module>
    <Module skippedDueTo="Filter" hash="5F-80-C6-98-F1-4B-6C-9F-33-0E-2A-20-7B-2F-F6-45-6A-63-44-6A">
      <ModulePath>C:\Windows\Microsoft.Net\assembly\GAC_MSIL\System.Windows.Forms\v4.0_4.0.0.0__b77a5c561934e089\System.Windows.Forms.dll</ModulePath>
      <ModuleTime>2019-09-12T21:20:02Z</ModuleTime>
      <ModuleName>System.Windows.Forms</ModuleName>
      <Classes />
    </Module>
    <Module skippedDueTo="Filter" hash="4A-9D-81-85-DC-CF-74-ED-91-AC-6F-7B-37-3D-3E-0B-36-5C-56-66">
      <ModulePath>C:\Windows\Microsoft.Net\assembly\GAC_MSIL\System\v4.0_4.0.0.0__b77a5c561934e089\System.dll</ModulePath>
      <ModuleTime>2019-07-24T02:58:28Z</ModuleTime>
      <ModuleName>System</ModuleName>
      <Classes />
    </Module>
    <Module skippedDueTo="Filter" hash="EC-14-E0-17-34-4D-D6-D8-04-81-66-63-19-07-04-B0-88-00-86-AD">
      <ModulePath>C:\Windows\Microsoft.Net\assembly\GAC_MSIL\System.Drawing\v4.0_4.0.0.0__b03f5f7f11d50a3a\System.Drawing.dll</ModulePath>
      <ModuleTime>2019-03-28T09:11:14Z</ModuleTime>
      <ModuleName>System.Drawing</ModuleName>
      <Classes />
    </Module>
    <Module skippedDueTo="Filter" hash="2A-7B-17-4D-5F-56-2E-65-AC-46-D1-7B-18-CB-45-61-99-7F-97-68">
      <ModulePath>C:\Windows\Microsoft.Net\assembly\GAC_MSIL\System.Configuration\v4.0_4.0.0.0__b03f5f7f11d50a3a\System.Configuration.dll</ModulePath>
      <ModuleTime>2019-03-28T09:11:14Z</ModuleTime>
      <ModuleName>System.Configuration</ModuleName>
      <Classes />
    </Module>
    <Module skippedDueTo="Filter" hash="2D-4E-7D-93-79-73-1D-3F-7A-CD-83-B3-5F-27-A4-33-E4-E0-D0-C0">
      <ModulePath>C:\Windows\Microsoft.Net\assembly\GAC_MSIL\System.Xml\v4.0_4.0.0.0__b77a5c561934e089\System.Xml.dll</ModulePath>
      <ModuleTime>2019-03-28T09:11:14Z</ModuleTime>
      <ModuleName>System.Xml</ModuleName>
      <Classes />
    </Module>
    <Module skippedDueTo="Filter" hash="47-6D-CD-64-2A-20-C9-9C-5E-33-25-2A-53-59-27-11-1C-6A-CE-E9">
      <ModulePath>C:\Windows\Microsoft.Net\assembly\GAC_MSIL\Accessibility\v4.0_4.0.0.0__b03f5f7f11d50a3a\Accessibility.dll</ModulePath>
      <ModuleTime>2019-03-28T09:11:14Z</ModuleTime>
      <ModuleName>Accessibility</ModuleName>
      <Classes />
    </Module>
    <Module skippedDueTo="MissingPdb" hash="25-F3-B2-AF-51-EA-11-A1-F8-B4-DE-F1-FE-9F-5E-E4-FB-4C-0E-03">
      <ModulePath>Iswenzz.UI.dll</ModulePath>
      <ModuleTime>2019-11-22T18:09:51.2370705Z</ModuleTime>
      <ModuleName>Iswenzz.UI</ModuleName>
      <Classes />
    </Module>
    <Module skippedDueTo="Filter" hash="32-74-EF-25-E3-A9-11-0C-F0-FD-2D-7E-1A-97-75-45-D0-5E-8A-A8">
      <ModulePath>C:\Windows\Microsoft.Net\assembly\GAC_MSIL\System.Xml.Linq\v4.0_4.0.0.0__b77a5c561934e089\System.Xml.Linq.dll</ModulePath>
      <ModuleTime>2019-03-28T09:11:14Z</ModuleTime>
      <ModuleName>System.Xml.Linq</ModuleName>
      <Classes />
    </Module>
    <Module skippedDueTo="Filter" hash="15-AF-E8-64-E2-D2-4F-1F-24-D5-7E-5F-41-F5-89-B8-BE-20-F0-98">
      <ModulePath>C:\Windows\Microsoft.Net\assembly\GAC_MSIL\System.Core\v4.0_4.0.0.0__b77a5c561934e089\System.Core.dll</ModulePath>
      <ModuleTime>2019-09-12T21:20:02Z</ModuleTime>
      <ModuleName>System.Core</ModuleName>
      <Classes />
    </Module>
  </Modules>
</CoverageSession>